\BOOKMARK [1][-]{section.1}{\376\377\000E\000l\000\040\000E\000s\000p\000a\000c\000i\000o\000\040\000A\000f\000\355\000n}{}% 1
\BOOKMARK [2][-]{subsection.1.1}{\376\377\000E\000s\000p\000a\000c\000i\000o\000\040\000a\000f\000\355\000n\000\040\000s\000o\000b\000r\000e\000\040\000u\000n\000\040\000e\000s\000p\000a\000c\000i\000o\000\040\000v\000e\000c\000t\000o\000r\000i\000a\000l}{section.1}% 2
\BOOKMARK [3][-]{subsubsection.1.1.1}{\376\377\000D\000e\000f\000i\000n\000i\000c\000i\000\363\000n\000\040\000-\000\040\000E\000s\000p\000a\000c\000i\000o\000\040\000a\000f\000\355\000n}{subsection.1.1}% 3
\BOOKMARK [3][-]{subsubsection.1.1.2}{\376\377\000P\000r\000o\000p\000o\000s\000i\000c\000i\000\363\000n\000\040\000-\000\040\000P\000r\000o\000p\000i\000e\000d\000a\000d\000e\000s\000\040\000d\000e\000\040\000u\000n\000\040\000e\000s\000p\000a\000c\000i\000o\000\040\000a\000f\000\355\000n}{subsection.1.1}% 4
\BOOKMARK [2][-]{subsection.1.2}{\376\377\000V\000a\000r\000i\000e\000d\000a\000d\000e\000s\000\040\000l\000i\000n\000e\000a\000l\000e\000s}{section.1}% 5
\BOOKMARK [3][-]{subsubsection.1.2.1}{\376\377\000D\000e\000f\000i\000n\000i\000c\000i\000\363\000n\000\040\000-\000\040\000V\000a\000r\000i\000e\000d\000a\000d\000\040\000l\000i\000n\000e\000a\000l}{subsection.1.2}% 6
\BOOKMARK [3][-]{subsubsection.1.2.2}{\376\377\000P\000r\000o\000p\000o\000s\000i\000c\000i\000\363\000n\000\040\000-\000\040\000P\000r\000o\000p\000i\000e\000d\000a\000d\000e\000s\000\040\000d\000e\000\040\000u\000n\000a\000\040\000v\000a\000r\000i\000e\000d\000a\000d\000\040\000l\000i\000n\000e\000a\000l}{subsection.1.2}% 7
\BOOKMARK [3][-]{subsubsection.1.2.3}{\376\377\000P\000r\000o\000p\000o\000s\000i\000c\000i\000\363\000n\000\040\000-\000\040\000R\000e\000l\000a\000c\000i\000\363\000n\000\040\000e\000n\000t\000r\000e\000\040\000v\000a\000r\000i\000e\000d\000a\000d\000\040\000l\000i\000n\000e\000a\000l\000\040\000y\000\040\000e\000s\000p\000a\000c\000i\000o\000\040\000a\000f\000\355\000n}{subsection.1.2}% 8
\BOOKMARK [3][-]{subsubsection.1.2.4}{\376\377\000D\000e\000f\000i\000n\000i\000c\000i\000\363\000n\000\040\000-\000\040\000C\000o\000m\000b\000i\000n\000a\000c\000i\000\363\000n\000\040\000l\000i\000n\000e\000a\000l}{subsection.1.2}% 9
\BOOKMARK [3][-]{subsubsection.1.2.5}{\376\377\000D\000e\000f\000i\000n\000i\000c\000i\000\363\000n\000\040\000-\000\040\000D\000i\000m\000e\000n\000s\000i\000\363\000n\000\040\000d\000e\000\040\000u\000n\000\040\000e\000s\000p\000a\000c\000i\000o\000\040\000a\000f\000\355\000n}{subsection.1.2}% 10
\BOOKMARK [3][-]{subsubsection.1.2.6}{\376\377\000D\000e\000f\000i\000n\000i\000c\000i\000\363\000n\000\040\000-\000\040\000R\000e\000c\000t\000a\000s\000,\000\040\000p\000l\000a\000n\000o\000s\000\040\000e\000\040\000h\000i\000p\000e\000r\000p\000l\000a\000n\000o\000s}{subsection.1.2}% 11
\BOOKMARK [3][-]{subsubsection.1.2.7}{\376\377\000P\000r\000o\000p\000o\000s\000i\000c\000i\000\363\000n\000\040\000-\000\040\000R\000e\000l\000a\000c\000i\000\363\000n\000\040\000e\000n\000t\000r\000e\000\040\000v\000a\000r\000i\000e\000d\000a\000d\000e\000s\000\040\000l\000i\000n\000e\000a\000l\000e\000s\000\040\000c\000o\000n\000\040\000s\000u\000\040\000d\000i\000m\000e\000n\000s\000i\000\363\000n}{subsection.1.2}% 12
\BOOKMARK [2][-]{subsection.1.3}{\376\377\000U\000n\000i\000\363\000n\000\040\000e\000\040\000i\000n\000t\000e\000r\000s\000e\000c\000c\000i\000\363\000n\000\040\000d\000e\000\040\000v\000a\000r\000i\000e\000d\000a\000d\000e\000s\000\040\000l\000i\000n\000e\000a\000l\000e\000s}{section.1}% 13
\BOOKMARK [3][-]{subsubsection.1.3.1}{\376\377\000P\000r\000o\000p\000o\000s\000i\000c\000i\000\363\000n\000\040\000-\000\040\000I\000n\000t\000e\000r\000s\000e\000c\000c\000i\000\363\000n\000\040\000d\000e\000\040\000v\000a\000r\000i\000e\000d\000a\000d\000e\000s\000\040\000l\000i\000n\000e\000a\000l\000e\000s}{subsection.1.3}% 14
\BOOKMARK [3][-]{subsubsection.1.3.2}{\376\377\000D\000e\000f\000i\000n\000i\000c\000i\000\363\000n\000\040\000-\000\040\000V\000a\000r\000i\000e\000d\000a\000d\000\040\000l\000i\000n\000e\000a\000l\000\040\000g\000e\000n\000e\000r\000a\000d\000a}{subsection.1.3}% 15
\BOOKMARK [3][-]{subsubsection.1.3.3}{\376\377\000P\000r\000o\000p\000o\000s\000i\000c\000i\000\363\000n\000\040\000-\000\040\000C\000a\000r\000a\000c\000t\000e\000r\000i\000z\000a\000c\000i\000\363\000n\000\040\000d\000e\000\040\000l\000o\000s\000\040\000e\000l\000e\000m\000e\000n\000t\000o\000s\000\040\000d\000e\000\040\000S}{subsection.1.3}% 16
\BOOKMARK [3][-]{subsubsection.1.3.4}{\376\377\000P\000r\000o\000p\000o\000s\000i\000c\000i\000\363\000n\000\040\000-\000\040\000P\000r\000o\000p\000i\000e\000d\000a\000d\000e\000s\000\040\000d\000e\000\040\000S}{subsection.1.3}% 17
\BOOKMARK [3][-]{subsubsection.1.3.5}{\376\377\000P\000r\000o\000p\000o\000s\000i\000c\000i\000\363\000n\000\040\000-\000\040\000\040\000c\000o\000m\000o\000\040\000i\000n\000t\000e\000r\000s\000e\000c\000c\000i\000\363\000n\000\040\000d\000e\000\040\000v\000a\000r\000i\000e\000d\000a\000d\000e\000s\000\040\000l\000i\000n\000e\000a\000l\000e\000s}{subsection.1.3}% 18
\BOOKMARK [3][-]{subsubsection.1.3.6}{\376\377\000P\000r\000o\000p\000o\000s\000i\000c\000i\000\363\000n\000\040\000-\000\040\000U\000n\000i\000\363\000n\000\040\000d\000e\000\040\000v\000a\000r\000i\000e\000d\000a\000d\000e\000s\000\040\000l\000i\000n\000e\000a\000l\000e\000s\000\040\000c\000o\000m\000o\000\040\000v\000a\000r\000i\000e\000d\000a\000d\000\040\000l\000i\000n\000e\000a\000l}{subsection.1.3}% 19
\BOOKMARK [3][-]{subsubsection.1.3.7}{\376\377\000D\000e\000f\000i\000n\000i\000c\000i\000\363\000n\000\040\000-\000\040\000V\000a\000r\000i\000e\000d\000a\000d\000\040\000u\000n\000i\000\363\000n\000\040\000o\000\040\000s\000u\000m\000a}{subsection.1.3}% 20
\BOOKMARK [3][-]{subsubsection.1.3.8}{\376\377\000P\000r\000o\000p\000o\000s\000i\000c\000i\000\363\000n\000\040\000-\000\040\000C\000a\000r\000a\000c\000t\000e\000r\000i\000z\000a\000c\000i\000\363\000n\000\040\000d\000e\000\040\000l\000o\000s\000\040\000e\000l\000e\000m\000e\000n\000t\000o\000s\000\040\000d\000e\000\040\000l\000a\000\040\000v\000a\000r\000i\000e\000d\000a\000d\000\040\000s\000u\000m\000a}{subsection.1.3}% 21
\BOOKMARK [3][-]{subsubsection.1.3.9}{\376\377\000C\000o\000r\000o\000l\000a\000r\000i\000o\000\040\000-\000\040\000P\000r\000o\000p\000i\000e\000d\000a\000d\000e\000s\000\040\000d\000e\000\040\000l\000a\000\040\000d\000i\000m\000e\000n\000s\000i\000\363\000n\000\040\000d\000e\000\040\000e\000s\000p\000a\000c\000i\000o\000s\000\040\000i\000n\000t\000e\000r\000s\000e\000c\000c\000i\000\363\000n\000\040\000y\000\040\000s\000u\000m\000a}{subsection.1.3}% 22
\BOOKMARK [2][-]{subsection.1.4}{\376\377\000P\000o\000s\000i\000c\000i\000o\000n\000e\000s\000\040\000r\000e\000l\000a\000t\000i\000v\000a\000s\000\040\000d\000e\000\040\000v\000a\000r\000i\000e\000d\000a\000d\000e\000s\000\040\000l\000i\000n\000e\000a\000l\000e\000s}{section.1}% 23
\BOOKMARK [3][-]{subsubsection.1.4.1}{\376\377\000D\000e\000f\000i\000n\000i\000c\000i\000\363\000n\000\040\000-\000\040\000R\000e\000l\000a\000c\000i\000\363\000n\000\040\000d\000e\000\040\000p\000a\000r\000a\000l\000e\000l\000i\000s\000m\000o}{subsection.1.4}% 24
\BOOKMARK [3][-]{subsubsection.1.4.2}{\376\377\000P\000r\000o\000p\000o\000s\000i\000c\000i\000\363\000n\000\040\000-\000\040\000P\000r\000o\000p\000i\000e\000d\000a\000d\000e\000s\000\040\000d\000e\000l\000\040\000p\000a\000r\000a\000l\000e\000l\000i\000s\000m\000o}{subsection.1.4}% 25
\BOOKMARK [3][-]{subsubsection.1.4.3}{\376\377\000D\000e\000f\000i\000n\000i\000c\000i\000\363\000n\000\040\000-\000\040\000C\000o\000r\000t\000a\000r\000s\000e\000,\000\040\000c\000r\000u\000z\000a\000r\000s\000e\000\040\000y\000\040\000p\000a\000s\000a\000r\000\040\000p\000o\000r}{subsection.1.4}% 26
\BOOKMARK [3][-]{subsubsection.1.4.4}{\376\377\000P\000r\000o\000p\000o\000s\000i\000c\000i\000\363\000n\000\040\000-\000\040\000A\000x\000i\000o\000m\000a\000\040\000d\000e\000\040\000l\000a\000\040\000r\000e\000c\000t\000a}{subsection.1.4}% 27
\BOOKMARK [3][-]{subsubsection.1.4.5}{\376\377\000P\000r\000o\000p\000o\000s\000i\000c\000i\000\363\000n\000\040\000-\000\040\000A\000x\000i\000o\000m\000a\000\040\000d\000e\000\040\000i\000n\000c\000i\000d\000e\000n\000c\000i\000a\000\040\000e\000n\000t\000r\000e\000\040\000r\000e\000c\000t\000a\000\040\000y\000\040\000p\000l\000a\000n\000o}{subsection.1.4}% 28
\BOOKMARK [3][-]{subsubsection.1.4.6}{\376\377\000L\000e\000m\000a\000\040\000-\000\040\000T\000r\000e\000s\000\040\000p\000u\000n\000t\000o\000s\000\040\000n\000o\000\040\000a\000l\000i\000n\000e\000a\000d\000o\000s\000\040\000s\000o\000n\000\040\000d\000i\000s\000t\000i\000n\000t\000o\000s}{subsection.1.4}% 29
\BOOKMARK [3][-]{subsubsection.1.4.7}{\376\377\000P\000r\000o\000p\000o\000s\000i\000c\000i\000\363\000n\000\040\000-\000\040\000A\000x\000i\000o\000m\000a\000\040\000d\000e\000l\000\040\000p\000l\000a\000n\000o}{subsection.1.4}% 30
\BOOKMARK [3][-]{subsubsection.1.4.8}{\376\377\000T\000e\000o\000r\000e\000m\000a\000\040\000-\000\040\000I\000n\000c\000i\000d\000e\000n\000c\000i\000a\000\040\000d\000e\000\040\000v\000a\000r\000i\000e\000d\000a\000d\000e\000s\000\040\000l\000i\000n\000e\000a\000l\000e\000s\000\040\000e\000n\000\040\000e\000l\000\040\000p\000l\000a\000n\000o}{subsection.1.4}% 31
\BOOKMARK [3][-]{subsubsection.1.4.9}{\376\377\000T\000e\000o\000r\000e\000m\000a\000\040\000-\000\040\000I\000n\000c\000i\000d\000e\000n\000c\000i\000a\000\040\000d\000e\000\040\000v\000a\000r\000i\000e\000d\000a\000d\000e\000s\000\040\000l\000i\000n\000e\000a\000l\000e\000s\000\040\000e\000n\000\040\000e\000l\000\040\000e\000.\000a\000.\000\040\000t\000r\000i\000d\000i\000m\000e\000n\000s\000i\000o\000n\000a\000l}{subsection.1.4}% 32
\BOOKMARK [2][-]{subsection.1.5}{\376\377\000R\000e\000f\000e\000r\000e\000n\000c\000i\000a\000s\000\040\000a\000f\000i\000n\000e\000s\000\040\000y\000\040\000c\000o\000o\000r\000d\000e\000n\000a\000d\000a\000s}{section.1}% 33
\BOOKMARK [3][-]{subsubsection.1.5.1}{\376\377\000D\000e\000f\000i\000n\000i\000c\000i\000\363\000n\000\040\000-\000\040\000P\000u\000n\000t\000o\000s\000\040\000a\000f\000i\000n\000m\000e\000n\000t\000e\000\040\000i\000n\000d\000e\000p\000e\000n\000d\000i\000e\000n\000t\000e\000s}{subsection.1.5}% 34
\BOOKMARK [3][-]{subsubsection.1.5.2}{\376\377\000P\000r\000o\000p\000o\000s\000i\000c\000i\000\363\000n\000\040\000-\000\040\000P\000r\000o\000p\000i\000e\000d\000a\000d\000e\000s\000\040\000d\000e\000\040\000l\000o\000s\000\040\000p\000u\000n\000t\000o\000s\000\040\000a\000f\000i\000n\000m\000e\000n\000t\000e\000\040\000i\000n\000d\000e\000p\000e\000n\000d\000i\000e\000n\000t\000e\000s}{subsection.1.5}% 35
\BOOKMARK [3][-]{subsubsection.1.5.3}{\376\377\000P\000r\000o\000p\000o\000s\000i\000c\000i\000\363\000n\000\040\000-\000\040\000R\000e\000l\000a\000c\000i\000\363\000n\000\040\000e\000n\000t\000r\000e\000\040\000s\000e\000r\000\040\000a\000f\000i\000n\000e\000s\000\040\000y\000\040\000s\000e\000r\000\040\000n\000o\000\040\000a\000l\000i\000n\000e\000a\000d\000o\000s}{subsection.1.5}% 36
\BOOKMARK [3][-]{subsubsection.1.5.4}{\376\377\000P\000r\000o\000p\000o\000s\000i\000c\000i\000\363\000n\000\040\000-\000\040\000R\000e\000l\000a\000c\000i\000\363\000n\000\040\000e\000n\000t\000r\000e\000\040\000n\000\372\000m\000e\000r\000o\000\040\000d\000e\000\040\000p\000u\000n\000t\000o\000s\000\040\000a\000.\000i\000.\000\040\000y\000\040\000l\000a\000\040\000d\000i\000m\000e\000n\000s\000i\000\363\000n\000\040\000d\000e\000\040\000A}{subsection.1.5}% 37
\BOOKMARK [3][-]{subsubsection.1.5.5}{\376\377\000D\000e\000f\000i\000n\000i\000c\000i\000\363\000n\000\040\000-\000\040\000R\000e\000f\000e\000r\000e\000n\000c\000i\000a\000\040\000o\000\040\000r\000e\000f\000e\000r\000e\000n\000c\000i\000a\000\040\000a\000f\000\355\000n}{subsection.1.5}% 38
\BOOKMARK [3][-]{subsubsection.1.5.6}{\376\377\000D\000e\000f\000i\000n\000i\000c\000i\000\363\000n\000\040\000-\000\040\000C\000o\000o\000r\000d\000e\000n\000a\000d\000a\000s\000\040\000o\000\040\000c\000o\000o\000r\000d\000e\000n\000a\000d\000a\000s\000\040\000a\000f\000i\000n\000e\000s}{subsection.1.5}% 39
\BOOKMARK [3][-]{subsubsection.1.5.7}{\376\377\000D\000e\000f\000i\000n\000i\000c\000i\000\363\000n\000\040\000-\000\040\000P\000u\000n\000t\000o\000\040\000m\000e\000d\000i\000o}{subsection.1.5}% 40
\BOOKMARK [3][-]{subsubsection.1.5.8}{\376\377\000L\000e\000m\000a\000\040\000-\000\040\000C\000o\000n\000d\000i\000c\000i\000\363\000n\000\040\000e\000q\000u\000i\000v\000a\000l\000e\000n\000t\000e\000\040\000a\000l\000\040\000p\000u\000n\000t\000o\000\040\000m\000e\000d\000i\000o}{subsection.1.5}% 41
\BOOKMARK [3][-]{subsubsection.1.5.9}{\376\377\000L\000e\000m\000a\000\040\000-\000\040\000P\000r\000o\000p\000i\000e\000d\000a\000d\000e\000s\000\040\000d\000e\000\040\000l\000a\000s\000\040\000c\000o\000o\000r\000d\000e\000n\000a\000d\000a\000s}{subsection.1.5}% 42
\BOOKMARK [3][-]{subsubsection.1.5.10}{\376\377\000L\000e\000m\000a\000\040\000-\000\040\000P\000u\000n\000t\000o\000\040\000m\000e\000d\000i\000o\000\040\000d\000e\000\040\000d\000o\000s\000\040\000p\000u\000n\000t\000o\000s\000\040\000i\000g\000u\000a\000l\000e\000s}{subsection.1.5}% 43
\BOOKMARK [3][-]{subsubsection.1.5.11}{\376\377\000C\000o\000r\000o\000l\000a\000r\000i\000o\000\040\000-\000\040\000M\000\355\000n\000i\000m\000o\000\040\000d\000e\000\040\000p\000u\000n\000t\000o\000s\000\040\000d\000e\000\040\000A}{subsection.1.5}% 44
\BOOKMARK [3][-]{subsubsection.1.5.12}{\376\377\000D\000e\000f\000i\000n\000i\000c\000i\000\363\000n\000\040\000-\000\040\000M\000a\000t\000r\000i\000z\000\040\000d\000e\000\040\000c\000a\000m\000b\000i\000o\000\040\000d\000e\000\040\000b\000a\000s\000e}{subsection.1.5}% 45
\BOOKMARK [3][-]{subsubsection.1.5.13}{\376\377\000P\000r\000o\000p\000o\000s\000i\000c\000i\000\363\000n}{subsection.1.5}% 46
\BOOKMARK [3][-]{subsubsection.1.5.14}{\376\377\000T\000e\000o\000r\000e\000m\000a\000\040\000-\000\040\000C\000a\000m\000b\000i\000o\000\040\000d\000e\000\040\000c\000o\000o\000r\000d\000e\000n\000a\000d\000a\000s\000.}{subsection.1.5}% 47
\BOOKMARK [2][-]{subsection.1.6}{\376\377\000E\000c\000u\000a\000c\000i\000o\000n\000e\000s\000\040\000d\000e\000\040\000l\000a\000s\000\040\000v\000a\000r\000i\000e\000d\000a\000d\000e\000s\000\040\000l\000i\000n\000e\000a\000l\000e\000s}{section.1}% 48
\BOOKMARK [3][-]{subsubsection.1.6.1}{\376\377\000P\000r\000o\000p\000o\000s\000i\000c\000i\000\363\000n\000\040\000-\000\040\000V\000a\000r\000i\000e\000d\000a\000d\000\040\000l\000i\000n\000e\000a\000l\000\040\000d\000a\000d\000a\000\040\000p\000o\000r\000\040\000u\000n\000\040\000s\000i\000s\000t\000e\000m\000a\000\040\000d\000e\000\040\000e\000c\000u\000a\000c\000i\000o\000n\000e\000s\000\040\000l\000i\000n\000e\000a\000l\000e\000s}{subsection.1.6}% 49
\BOOKMARK [3][-]{subsubsection.1.6.2}{\376\377\000P\000r\000o\000p\000o\000s\000i\000c\000i\000\363\000n\000\040\000-\000\040\000E\000c\000u\000a\000c\000i\000o\000n\000e\000s\000\040\000p\000a\000r\000a\000m\000\351\000t\000r\000i\000c\000a\000s\000\040\000d\000e\000\040\000u\000n\000a\000\040\000v\000a\000r\000i\000e\000d\000a\000d\000\040\000l\000i\000n\000e\000a\000l}{subsection.1.6}% 50
\BOOKMARK [3][-]{subsubsection.1.6.3}{\376\377\000P\000r\000o\000p\000o\000s\000i\000c\000i\000\363\000n\000\040\000-\000\040\000E\000c\000u\000a\000c\000i\000o\000n\000e\000s\000\040\000l\000i\000n\000e\000a\000l\000e\000s\000\040\000o\000\040\000i\000m\000p\000l\000\355\000c\000i\000t\000a\000s\000\040\000d\000e\000\040\000u\000n\000a\000\040\000v\000a\000r\000i\000e\000d\000a\000d\000\040\000l\000i\000n\000e\000a\000l}{subsection.1.6}% 51
\BOOKMARK [3][-]{subsubsection.1.6.4}{\376\377\000D\000e\000f\000i\000n\000i\000c\000i\000\363\000n\000\040\000-\000\040\000P\000a\000r\000a\000l\000e\000l\000o\000g\000r\000a\000m\000o}{subsection.1.6}% 52
\BOOKMARK [3][-]{subsubsection.1.6.5}{\376\377\000L\000e\000m\000a\000\040\000-\000\040\000P\000r\000o\000p\000i\000e\000d\000a\000d\000\040\000d\000e\000l\000\040\000p\000a\000r\000a\000l\000e\000l\000o\000g\000r\000a\000m\000o}{subsection.1.6}% 53
\BOOKMARK [2][-]{subsection.1.7}{\376\377\000A\000p\000l\000i\000c\000a\000c\000i\000o\000n\000e\000s\000\040\000a\000f\000i\000n\000e\000s}{section.1}% 54
\BOOKMARK [2][-]{subsection.1.8}{\376\377\000G\000r\000u\000p\000o\000\040\000a\000f\000\355\000n}{section.1}% 55
\BOOKMARK [3][-]{subsubsection.1.8.1}{\376\377\000D\000e\000f\000i\000n\000i\000c\000i\000\363\000n}{subsection.1.8}% 56
\BOOKMARK [3][-]{subsubsection.1.8.2}{\376\377\000L\000e\000m\000a\000\040\000-\000\040\000I\000n\000d\000e\000p\000e\000n\000d\000e\000n\000c\000i\000a\000\040\000d\000e\000l\000\040\000o\000r\000i\000g\000e\000n\000\040\000y\000\040\000u\000n\000i\000c\000i\000d\000a\000d\000\040\000d\000e\000\040}{subsection.1.8}% 57
\BOOKMARK [3][-]{subsubsection.1.8.3}{\376\377\000D\000e\000f\000i\000n\000i\000c\000i\000\363\000n\000\040\000-\000\040\000A\000p\000l\000i\000c\000a\000c\000i\000\363\000n\000\040\000l\000i\000n\000e\000a\000l\000\040\000a\000s\000o\000c\000i\000a\000d\000a}{subsection.1.8}% 58
\BOOKMARK [3][-]{subsubsection.1.8.4}{\376\377\000L\000e\000m\000a\000\040\000-\000\040\000P\000r\000o\000p\000i\000e\000d\000a\000d\000\040\000d\000e\000\040}{subsection.1.8}% 59
\BOOKMARK [3][-]{subsubsection.1.8.5}{\376\377\000P\000r\000o\000p\000o\000s\000i\000c\000i\000\363\000n\000\040\000-\000\040\000P\000r\000o\000p\000i\000e\000d\000a\000d\000e\000s\000\040\000d\000e\000\040\000l\000a\000s\000\040\000a\000p\000l\000i\000c\000a\000c\000i\000o\000n\000e\000s\000\040\000a\000f\000i\000n\000e\000s}{subsection.1.8}% 60
\BOOKMARK [3][-]{subsubsection.1.8.6}{\376\377\000P\000r\000o\000p\000o\000s\000i\000c\000i\000\363\000n\000\040\000-\000\040\000M\000\341\000s\000\040\000p\000r\000o\000p\000i\000e\000d\000a\000d\000e\000s\000\040\000d\000e\000\040\000l\000a\000s\000\040\000a\000p\000l\000i\000c\000a\000c\000i\000o\000n\000e\000s\000\040\000a\000f\000i\000n\000e\000s}{subsection.1.8}% 61
\BOOKMARK [3][-]{subsubsection.1.8.7}{\376\377\000P\000r\000o\000p\000o\000s\000i\000c\000i\000\363\000n\000\040\000-\000\040\000C\000o\000n\000d\000i\000c\000i\000o\000n\000e\000s\000\040\000e\000q\000u\000i\000v\000a\000l\000e\000n\000t\000e\000s\000\040\000a\000\040\000a\000f\000i\000n\000i\000d\000a\000d}{subsection.1.8}% 62
\BOOKMARK [3][-]{subsubsection.1.8.8}{\376\377\000P\000r\000o\000p\000o\000s\000i\000c\000i\000\363\000n\000\040\000-\000\040\000T\000r\000a\000n\000s\000l\000a\000c\000i\000\363\000n}{subsection.1.8}% 63
\BOOKMARK [3][-]{subsubsection.1.8.9}{\376\377\000L\000e\000m\000a\000\040\000-\000\040\000R\000e\000l\000a\000c\000i\000\363\000n\000\040\000e\000n\000t\000r\000e\000\040\000t\000r\000a\000n\000s\000l\000a\000c\000i\000o\000n\000e\000s\000\040\000y\000\040\000l\000a\000\040\000i\000d\000e\000n\000t\000i\000d\000a\000d}{subsection.1.8}% 64
\BOOKMARK [3][-]{subsubsection.1.8.10}{\376\377\000T\000e\000o\000r\000e\000m\000a\000\040\000-\000\040\000I\000s\000o\000m\000o\000r\000f\000i\000s\000m\000o\000\040\000e\000n\000t\000r\000e\000\040\000l\000o\000s\000\040\000g\000r\000u\000p\000o\000s\000\040\000G\000\050\000A\000\051\000\040\000/\000\040\000T\000\050\000A\000\051\000\040\000y\000\040\000G\000\040\000L\000\050\000V\000\051}{subsection.1.8}% 65
\BOOKMARK [3][-]{subsubsection.1.8.11}{\376\377\000P\000r\000o\000p\000o\000s\000i\000c\000i\000\363\000n\000\040\000-\000\040\000A\000f\000i\000n\000i\000d\000a\000d\000e\000s\000,\000\040\000p\000u\000n\000t\000o\000s\000\040\000a\000f\000\355\000n\000m\000e\000n\000t\000e\000\040\000i\000n\000d\000e\000p\000e\000n\000d\000i\000e\000n\000t\000e\000s\000\040\000y\000\040\000v\000a\000r\000i\000e\000d\000a\000d\000e\000s\000\040\000l\000i\000n\000e\000a\000l\000e\000s}{subsection.1.8}% 66
\BOOKMARK [3][-]{subsubsection.1.8.12}{\376\377\000T\000e\000o\000r\000e\000m\000a\000\040\000-\000\040\000C\000l\000a\000s\000i\000f\000i\000c\000a\000c\000i\000\363\000n\000\040\000d\000e\000\040\000l\000o\000s\000\040\000e\000s\000p\000a\000c\000i\000o\000s\000\040\000a\000f\000i\000n\000e\000s}{subsection.1.8}% 67
\BOOKMARK [3][-]{subsubsection.1.8.13}{\376\377\000P\000r\000o\000p\000o\000s\000i\000c\000i\000\363\000n\000\040\000-\000\040\000I\000s\000o\000m\000o\000r\000f\000i\000s\000m\000o\000\040\000e\000n\000t\000r\000e\000\040\000e\000s\000p\000a\000c\000i\000o\000s\000\040\000v\000e\000c\000t\000o\000r\000i\000a\000l\000e\000s\000\040\000y\000\040\000a\000f\000i\000n\000e\000s}{subsection.1.8}% 68
\BOOKMARK [2][-]{subsection.1.9}{\376\377\000D\000e\000t\000e\000r\000m\000i\000n\000a\000c\000i\000\363\000n\000\040\000d\000e\000\040\000u\000n\000a\000\040\000a\000p\000l\000i\000c\000a\000c\000i\000\363\000n\000\040\000a\000f\000\355\000n}{section.1}% 69
\BOOKMARK [3][-]{subsubsection.1.9.1}{\376\377\000T\000e\000o\000r\000e\000m\000a\000.}{subsection.1.9}% 70
\BOOKMARK [3][-]{subsubsection.1.9.2}{\376\377\000C\000o\000r\000o\000l\000a\000r\000i\000o\000.}{subsection.1.9}% 71
\BOOKMARK [3][-]{subsubsection.1.9.3}{\376\377\000E\000j\000e\000m\000p\000l\000o\000.}{subsection.1.9}% 72
\BOOKMARK [3][-]{subsubsection.1.9.4}{\376\377\000P\000r\000o\000p\000o\000s\000i\000c\000i\000\363\000n\000.}{subsection.1.9}% 73
\BOOKMARK [3][-]{subsubsection.1.9.5}{\376\377\000E\000j\000e\000m\000p\000l\000o\000.}{subsection.1.9}% 74
\BOOKMARK [3][-]{subsubsection.1.9.6}{\376\377\000D\000e\000f\000i\000n\000i\000c\000i\000\363\000n\000\040\000\050\000r\000e\000c\000o\000r\000d\000a\000t\000o\000r\000i\000o\000\051\000.}{subsection.1.9}% 75
\BOOKMARK [3][-]{subsubsection.1.9.7}{\376\377\000D\000e\000f\000i\000n\000i\000c\000i\000\363\000n\000\040\000\050\000E\000c\000u\000a\000c\000i\000o\000n\000e\000s\000\040\000d\000e\000\040\000u\000n\000a\000\040\000a\000p\000l\000i\000c\000a\000c\000i\000\363\000n\000\040\000a\000f\000\355\000n\000\051\000.}{subsection.1.9}% 76
\BOOKMARK [1][-]{section.2}{\376\377\000E\000J\000E\000M\000P\000L\000O\000S\000\040\000D\000E\000\040\000A\000F\000I\000N\000I\000D\000A\000D\000E\000S\000.\000\040\000D\000I\000L\000A\000T\000A\000C\000I\000O\000N\000E\000S}{}% 77
\BOOKMARK [2][-]{subsection.2.1}{\376\377\000E\000j\000e\000r\000c\000i\000c\000i\000o\000s\000.}{section.2}% 78
\BOOKMARK [1][-]{section.3}{\376\377\000E\000S\000P\000A\000C\000I\000O\000S\000\040\000V\000E\000C\000T\000O\000R\000I\000A\000L\000E\000S\000\040\000E\000U\000C\000L\000\315\000D\000E\000O\000S}{}% 79
\BOOKMARK [2][-]{subsection.3.1}{\376\377\000P\000r\000e\000l\000i\000m\000i\000n\000a\000r\000e\000s}{section.3}% 80
\BOOKMARK [3][-]{subsubsection.3.1.1}{\376\377\000D\000e\000f\000i\000n\000i\000c\000i\000\363\000n}{subsection.3.1}% 81
\BOOKMARK [3][-]{subsubsection.3.1.2}{\376\377\000D\000e\000f\000i\000n\000i\000c\000i\000\363\000n}{subsection.3.1}% 82
\BOOKMARK [3][-]{subsubsection.3.1.3}{\376\377\000D\000e\000f\000i\000n\000i\000c\000i\000\363\000n}{subsection.3.1}% 83
\BOOKMARK [3][-]{subsubsection.3.1.4}{\376\377\000T\000e\000o\000r\000e\000m\000a\000\040\000\050\000P\000r\000o\000p\000i\000e\000d\000a\000d\000e\000s\000\040\000d\000e\000\040\000u\000n\000a\000\040\000n\000o\000r\000m\000a\000\051\000.}{subsection.3.1}% 84
\BOOKMARK [3][-]{subsubsection.3.1.5}{\376\377\000D\000e\000f\000i\000n\000i\000c\000i\000\363\000n\000.}{subsection.3.1}% 85
\BOOKMARK [3][-]{subsubsection.3.1.6}{\376\377\000P\000r\000o\000p\000i\000e\000d\000a\000d\000\040\0001\000.}{subsection.3.1}% 86
\BOOKMARK [3][-]{subsubsection.3.1.7}{\376\377\000P\000r\000o\000p\000i\000e\000d\000a\000d\000\040\0002\000.}{subsection.3.1}% 87
\BOOKMARK [3][-]{subsubsection.3.1.8}{\376\377\000T\000e\000o\000r\000e\000m\000a\000\040\000\050\000M\000\351\000t\000o\000d\000o\000\040\000d\000e\000\040\000o\000r\000t\000o\000g\000o\000n\000a\000l\000i\000z\000a\000c\000i\000\363\000n\000\040\000d\000e\000\040\000G\000r\000a\000m\000-\000S\000c\000h\000m\000i\000d\000t\000\051}{subsection.3.1}% 88
\BOOKMARK [3][-]{subsubsection.3.1.9}{\376\377\000T\000e\000o\000r\000e\000m\000a}{subsection.3.1}% 89
\BOOKMARK [3][-]{subsubsection.3.1.10}{\376\377\000C\000o\000r\000o\000l\000a\000r\000i\000o}{subsection.3.1}% 90
\BOOKMARK [3][-]{subsubsection.3.1.11}{\376\377\000R\000e\000c\000o\000r\000d\000a\000t\000o\000r\000i\000o\000:\000\040\000P\000r\000o\000p\000i\000e\000d\000a\000d\000e\000s\000\040\000d\000e\000\040\000l\000o\000s\000\040\000d\000e\000t\000e\000r\000m\000i\000n\000a\000n\000t\000e\000s}{subsection.3.1}% 91
\BOOKMARK [3][-]{subsubsection.3.1.12}{\376\377\000T\000e\000o\000r\000e\000m\000a\000\040\000d\000e\000\040\000S\000y\000l\000v\000e\000s\000t\000e\000r\000.}{subsection.3.1}% 92
\BOOKMARK [2][-]{subsection.3.2}{\376\377\000E\000s\000p\000a\000c\000i\000o\000s\000\040\000v\000e\000c\000t\000o\000r\000i\000a\000l\000e\000s\000\040\000e\000u\000c\000l\000\355\000d\000e\000o\000s}{section.3}% 93
\BOOKMARK [3][-]{subsubsection.3.2.1}{\376\377\000D\000e\000f\000i\000n\000i\000c\000i\000\363\000n\000.}{subsection.3.2}% 94
\BOOKMARK [3][-]{subsubsection.3.2.2}{\376\377\000E\000j\000e\000m\000p\000l\000o\000s\000.}{subsection.3.2}% 95
\BOOKMARK [3][-]{subsubsection.3.2.3}{\376\377\000E\000j\000e\000m\000p\000l\000o\000s\000.}{subsection.3.2}% 96
\BOOKMARK [3][-]{subsubsection.3.2.4}{\376\377\000T\000e\000o\000r\000e\000m\000a\000\040\000\050\000C\000r\000i\000t\000e\000r\000i\000o\000\040\000d\000e\000\040\000S\000y\000l\000v\000e\000s\000t\000e\000r\000\051}{subsection.3.2}% 97
\BOOKMARK [3][-]{subsubsection.3.2.5}{\376\377\000D\000e\000f\000i\000n\000i\000c\000i\000\363\000n}{subsection.3.2}% 98
\BOOKMARK [3][-]{subsubsection.3.2.6}{\376\377\000D\000e\000f\000i\000n\000i\000c\000i\000\363\000n}{subsection.3.2}% 99
\BOOKMARK [3][-]{subsubsection.3.2.7}{\376\377\000D\000e\000f\000i\000n\000i\000c\000i\000\363\000n}{subsection.3.2}% 100
\BOOKMARK [3][-]{subsubsection.3.2.8}{\376\377\000P\000r\000o\000p\000o\000s\000i\000c\000i\000\363\000n}{subsection.3.2}% 101
\BOOKMARK [3][-]{subsubsection.3.2.9}{\376\377\000D\000e\000f\000i\000n\000i\000c\000i\000\363\000n}{subsection.3.2}% 102
\BOOKMARK [2][-]{subsection.3.3}{\376\377\000P\000r\000o\000d\000u\000c\000t\000o\000\040\000v\000e\000c\000t\000o\000r\000i\000a\000l}{section.3}% 103
\BOOKMARK [3][-]{subsubsection.3.3.1}{\376\377\000D\000e\000f\000i\000n\000i\000c\000i\000\363\000n}{subsection.3.3}% 104
\BOOKMARK [3][-]{subsubsection.3.3.2}{\376\377\000D\000e\000f\000i\000n\000i\000c\000i\000\363\000n}{subsection.3.3}% 105
\BOOKMARK [3][-]{subsubsection.3.3.3}{\376\377\000P\000r\000o\000p\000o\000s\000i\000c\000i\000\363\000n\000\040\000\050\000P\000r\000o\000p\000i\000e\000d\000a\000d\000e\000s\000\040\000d\000e\000l\000\040\000p\000r\000o\000d\000u\000c\000t\000o\000\040\000v\000e\000c\000t\000o\000r\000i\000a\000l\000\051}{subsection.3.3}% 106
\BOOKMARK [3][-]{subsubsection.3.3.4}{\376\377\000P\000r\000o\000p\000o\000s\000i\000c\000i\000o\000n}{subsection.3.3}% 107
\BOOKMARK [2][-]{subsection.3.4}{\376\377\000P\000r\000o\000d\000u\000c\000t\000o\000\040\000m\000i\000x\000t\000o}{section.3}% 108
\BOOKMARK [3][-]{subsubsection.3.4.1}{\376\377\000P\000r\000o\000p\000i\000e\000d\000a\000d\000e\000s\000\040\000d\000e\000l\000\040\000p\000r\000o\000d\000u\000c\000t\000o\000\040\000m\000i\000x\000t\000o}{subsection.3.4}% 109
\BOOKMARK [2][-]{subsection.3.5}{\376\377\000G\000r\000u\000p\000o\000s}{section.3}% 110
\BOOKMARK [3][-]{subsubsection.3.5.1}{\376\377\000D\000e\000f\000i\000n\000i\000c\000i\000\363\000n}{subsection.3.5}% 111
\BOOKMARK [3][-]{subsubsection.3.5.2}{\376\377\000D\000e\000f\000i\000n\000i\000c\000i\000\363\000n}{subsection.3.5}% 112
\BOOKMARK [3][-]{subsubsection.3.5.3}{\376\377\000P\000r\000o\000p\000o\000s\000i\000c\000i\000\363\000n\000\040\000\050\000T\000e\000o\000r\000e\000m\000a\000\040\000d\000e\000\040\000c\000l\000a\000s\000i\000f\000i\000c\000a\000c\000i\000\363\000n\000\040\000d\000e\000\040\000e\000s\000p\000a\000c\000i\000o\000s\000\040\000v\000e\000c\000t\000o\000r\000i\000a\000l\000e\000s\000\040\000e\000u\000c\000l\000\355\000d\000e\000o\000s\000\051}{subsection.3.5}% 113
\BOOKMARK [2][-]{subsection.3.6}{\376\377\000T\000r\000a\000n\000s\000f\000o\000r\000m\000a\000c\000i\000o\000n\000e\000s\000\040\000o\000r\000t\000o\000g\000o\000n\000a\000l\000e\000s\000.\000\040\000M\000a\000t\000r\000i\000c\000e\000s\000\040\000o\000r\000t\000o\000g\000o\000n\000a\000l\000e\000s}{section.3}% 114
\BOOKMARK [3][-]{subsubsection.3.6.1}{\376\377\000D\000e\000f\000i\000n\000i\000c\000i\000\363\000n}{subsection.3.6}% 115
\BOOKMARK [3][-]{subsubsection.3.6.2}{\376\377\000P\000r\000o\000p\000o\000s\000i\000c\000i\000\363\000n}{subsection.3.6}% 116
\BOOKMARK [3][-]{subsubsection.3.6.3}{\376\377\000P\000r\000o\000p\000o\000s\000i\000c\000i\000\363\000n}{subsection.3.6}% 117
\BOOKMARK [3][-]{subsubsection.3.6.4}{\376\377\000D\000e\000f\000i\000n\000i\000c\000i\000\363\000n\000.}{subsection.3.6}% 118
\BOOKMARK [3][-]{subsubsection.3.6.5}{\376\377\000P\000r\000o\000p\000o\000s\000i\000c\000i\000\363\000n}{subsection.3.6}% 119
\BOOKMARK [3][-]{subsubsection.3.6.6}{\376\377\000P\000r\000o\000p\000o\000s\000i\000c\000i\000\363\000n}{subsection.3.6}% 120
\BOOKMARK [3][-]{subsubsection.3.6.7}{\376\377\000N\000o\000t\000a\000c\000i\000\363\000n}{subsection.3.6}% 121
\BOOKMARK [3][-]{subsubsection.3.6.8}{\376\377\000T\000e\000o\000r\000e\000m\000a}{subsection.3.6}% 122
\BOOKMARK [3][-]{subsubsection.3.6.9}{\376\377\000L\000e\000m\000a}{subsection.3.6}% 123
\BOOKMARK [3][-]{subsubsection.3.6.10}{\376\377\000D\000e\000f\000i\000n\000i\000c\000i\000\363\000n}{subsection.3.6}% 124
\BOOKMARK [3][-]{subsubsection.3.6.11}{\376\377\000P\000r\000o\000p\000o\000s\000i\000c\000i\000\363\000n}{subsection.3.6}% 125
\BOOKMARK [3][-]{subsubsection.3.6.12}{\376\377\000D\000e\000f\000i\000n\000i\000c\000i\000\363\000n}{subsection.3.6}% 126
\BOOKMARK [3][-]{subsubsection.3.6.13}{\376\377\000P\000r\000o\000p\000o\000s\000i\000c\000i\000\363\000n}{subsection.3.6}% 127
\BOOKMARK [3][-]{subsubsection.3.6.14}{\376\377\000D\000e\000f\000i\000n\000i\000c\000i\000\363\000n}{subsection.3.6}% 128
\BOOKMARK [3][-]{subsubsection.3.6.15}{\376\377\000P\000r\000o\000p\000o\000s\000i\000c\000i\000\363\000n}{subsection.3.6}% 129
\BOOKMARK [3][-]{subsubsection.3.6.16}{\376\377\000C\000o\000r\000o\000l\000a\000r\000i\000o}{subsection.3.6}% 130
\BOOKMARK [3][-]{subsubsection.3.6.17}{\376\377\000P\000r\000o\000p\000o\000s\000i\000c\000i\000\363\000n}{subsection.3.6}% 131
\BOOKMARK [3][-]{subsubsection.3.6.18}{\376\377\000P\000r\000o\000p\000o\000s\000i\000c\000i\000\363\000n}{subsection.3.6}% 132
\BOOKMARK [2][-]{subsection.3.7}{\376\377\000T\000r\000a\000n\000s\000f\000o\000r\000m\000a\000c\000i\000o\000n\000e\000s\000\040\000o\000r\000t\000o\000g\000o\000n\000a\000l\000e\000s\000\040\000d\000e\000l\000\040\000p\000l\000a\000n\000o\000\040\000v\000e\000c\000t\000o\000r\000i\000a\000l\000\040\000e\000u\000c\000l\000\355\000d\000e\000o}{section.3}% 133
\BOOKMARK [3][-]{subsubsection.3.7.1}{\376\377\000P\000r\000o\000p\000o\000s\000i\000c\000i\000\363\000n}{subsection.3.7}% 134
\BOOKMARK [3][-]{subsubsection.3.7.2}{\376\377\000P\000r\000o\000p\000o\000s\000i\000c\000i\000\363\000n}{subsection.3.7}% 135
\BOOKMARK [3][-]{subsubsection.3.7.3}{\376\377\000P\000r\000o\000p\000o\000s\000i\000c\000i\000\363\000n}{subsection.3.7}% 136
\BOOKMARK [3][-]{subsubsection.3.7.4}{\376\377\000C\000o\000r\000o\000l\000a\000r\000i\000o}{subsection.3.7}% 137
\BOOKMARK [3][-]{subsubsection.3.7.5}{\376\377\000P\000r\000o\000p\000o\000s\000i\000c\000i\000\363\000n}{subsection.3.7}% 138
\BOOKMARK [3][-]{subsubsection.3.7.6}{\376\377\000L\000e\000m\000a}{subsection.3.7}% 139
\BOOKMARK [3][-]{subsubsection.3.7.7}{\376\377\000D\000e\000f\000i\000n\000i\000c\000i\000\363\000n}{subsection.3.7}% 140
\BOOKMARK [3][-]{subsubsection.3.7.8}{\376\377\000C\000o\000r\000o\000l\000a\000r\000i\000o}{subsection.3.7}% 141
\BOOKMARK [2][-]{subsection.3.8}{\376\377\000O\000r\000i\000e\000n\000t\000a\000c\000i\000\363\000n}{section.3}% 142
\BOOKMARK [3][-]{subsubsection.3.8.1}{\376\377\000D\000e\000f\000i\000n\000i\000c\000i\000\363\000n\000\040\000-\000\040\000O\000r\000i\000e\000n\000t\000a\000c\000i\000\363\000n}{subsection.3.8}% 143
\BOOKMARK [3][-]{subsubsection.3.8.2}{\376\377\000P\000r\000o\000p\000o\000s\000i\000c\000i\000\363\000n}{subsection.3.8}% 144
\BOOKMARK [3][-]{subsubsection.3.8.3}{\376\377\000P\000r\000o\000p\000o\000s\000i\000c\000i\000\363\000n}{subsection.3.8}% 145
\BOOKMARK [3][-]{subsubsection.3.8.4}{\376\377\000D\000e\000f\000i\000n\000i\000c\000i\000\363\000n}{subsection.3.8}% 146
\BOOKMARK [2][-]{subsection.3.9}{\376\377\000C\000l\000a\000s\000i\000f\000i\000c\000a\000c\000i\000\363\000n\000\040\000d\000e\000\040\000l\000a\000s\000\040\000t\000r\000a\000n\000s\000f\000o\000r\000m\000a\000c\000i\000o\000n\000e\000s\000\040\000o\000r\000t\000o\000g\000o\000n\000a\000l\000e\000s\000\040\000e\000n\000\040\000e\000l\000\040\000p\000l\000a\000n\000o}{section.3}% 147
\BOOKMARK [3][-]{subsubsection.3.9.1}{\376\377\000T\000e\000o\000r\000e\000m\000a}{subsection.3.9}% 148
\BOOKMARK [3][-]{subsubsection.3.9.2}{\376\377\000C\000o\000r\000o\000l\000a\000r\000i\000o}{subsection.3.9}% 149
\BOOKMARK [3][-]{subsubsection.3.9.3}{\376\377\000C\000o\000r\000o\000l\000a\000r\000i\000o}{subsection.3.9}% 150
\BOOKMARK [2][-]{subsection.3.10}{\376\377\000C\000l\000a\000s\000i\000f\000i\000c\000a\000c\000i\000\363\000n\000\040\000d\000e\000\040\000l\000a\000s\000\040\000t\000r\000a\000n\000s\000f\000o\000r\000m\000a\000c\000i\000o\000n\000e\000s\000\040\000o\000r\000t\000o\000g\000o\000n\000a\000l\000e\000s\000\040\000e\000n\000\040\000e\000l\000\040\000e\000s\000p\000a\000c\000i\000o\000\040\000v\000e\000c\000t\000o\000r\000i\000a\000l\000\040\000e\000u\000c\000l\000\355\000d\000e\000o\000\040\000t\000r\000i\000d\000i\000m\000e\000n\000s\000i\000o\000n\000a\000l}{section.3}% 151
\BOOKMARK [3][-]{subsubsection.3.10.1}{\376\377\000D\000e\000f\000i\000n\000i\000c\000i\000\363\000n}{subsection.3.10}% 152
\BOOKMARK [3][-]{subsubsection.3.10.2}{\376\377\000D\000e\000f\000i\000n\000i\000c\000i\000\363\000n}{subsection.3.10}% 153
\BOOKMARK [3][-]{subsubsection.3.10.3}{\376\377\000P\000r\000o\000p\000o\000s\000i\000c\000i\000\363\000n}{subsection.3.10}% 154
\BOOKMARK [3][-]{subsubsection.3.10.4}{\376\377\000D\000e\000f\000i\000n\000i\000c\000i\000\363\000n}{subsection.3.10}% 155
\BOOKMARK [3][-]{subsubsection.3.10.5}{\376\377\000P\000r\000o\000p\000o\000s\000i\000c\000i\000\363\000n}{subsection.3.10}% 156
\BOOKMARK [3][-]{subsubsection.3.10.6}{\376\377\000T\000e\000o\000r\000e\000m\000a}{subsection.3.10}% 157
\BOOKMARK [3][-]{subsubsection.3.10.7}{\376\377\000C\000o\000r\000o\000l\000a\000r\000i\000o}{subsection.3.10}% 158
\BOOKMARK [3][-]{subsubsection.3.10.8}{\376\377\000C\000o\000r\000o\000l\000a\000r\000i\000o}{subsection.3.10}% 159
\BOOKMARK [1][-]{section.4}{\376\377\000T\000e\000m\000a\000\040\0003\000:\000\040\000E\000s\000p\000a\000c\000i\000o\000s\000\040\000a\000f\000i\000n\000e\000s\000\040\000e\000u\000c\000l\000\355\000d\000e\000o\000s}{}% 160
\BOOKMARK [2][-]{subsection.4.1}{\376\377\000I\000n\000t\000r\000o\000d\000u\000c\000c\000i\000\363\000n\000\040\000a\000\040\000l\000o\000s\000\040\000e\000s\000p\000a\000c\000i\000o\000s\000\040\000a\000f\000i\000n\000e\000s\000\040\000e\000u\000c\000l\000\355\000d\000e\000o\000s}{section.4}% 161
\BOOKMARK [3][-]{subsubsection.4.1.1}{\376\377\000D\000e\000f\000i\000n\000i\000c\000i\000\363\000n\000\040\000-\000\040\000E\000s\000p\000a\000c\000i\000o\000\040\000a\000f\000\355\000n\000\040\000e\000u\000c\000l\000\355\000d\000e\000o}{subsection.4.1}% 162
\BOOKMARK [3][-]{subsubsection.4.1.2}{\376\377\000D\000e\000f\000i\000n\000i\000c\000i\000\363\000n\000\040\000-\000\040\000D\000i\000s\000t\000a\000n\000c\000i\000a}{subsection.4.1}% 163
\BOOKMARK [3][-]{subsubsection.4.1.3}{\376\377\000P\000r\000o\000p\000i\000e\000d\000a\000d\000e\000s\000\040\000d\000e\000\040\000l\000a\000\040\000d\000i\000s\000t\000a\000n\000c\000i\000a}{subsection.4.1}% 164
\BOOKMARK [3][-]{subsubsection.4.1.4}{\376\377\000D\000e\000f\000i\000n\000i\000c\000i\000\363\000n\000\040\000-\000\040\000R\000e\000f\000e\000r\000e\000n\000c\000i\000a\000\040\000r\000e\000c\000t\000a\000n\000g\000u\000l\000a\000r}{subsection.4.1}% 165
\BOOKMARK [3][-]{subsubsection.4.1.5}{\376\377\000P\000r\000o\000p\000o\000s\000i\000c\000i\000o\000n}{subsection.4.1}% 166
\BOOKMARK [3][-]{subsubsection.4.1.6}{\376\377\000D\000e\000f\000i\000n\000i\000c\000i\000\363\000n\000\040\000-\000\040\000V\000a\000r\000i\000e\000d\000a\000d\000e\000s\000\040\000l\000i\000n\000e\000a\000l\000e\000s\000\040\000p\000e\000r\000p\000e\000n\000d\000i\000c\000u\000l\000a\000r\000e\000s}{subsection.4.1}% 167
\BOOKMARK [2][-]{subsection.4.2}{\376\377\000P\000r\000o\000y\000e\000c\000c\000i\000\363\000n\000\040\000o\000r\000t\000o\000g\000o\000n\000a\000l\000\040\000d\000e\000\040\000u\000n\000\040\000p\000u\000n\000t\000o\000\040\000s\000o\000b\000r\000e\000\040\000u\000n\000a\000\040\000v\000a\000r\000i\000e\000d\000a\000d\000\040\000l\000i\000n\000e\000a\000l}{section.4}% 168
\BOOKMARK [3][-]{subsubsection.4.2.1}{\376\377\000D\000e\000f\000i\000n\000i\000c\000i\000\363\000n\000\040\000-\000\040\000V\000a\000r\000i\000e\000d\000a\000d\000\040\000l\000i\000n\000e\000a\000l\000\040\000p\000e\000r\000p\000e\000n\000d\000i\000c\000u\000l\000a\000r}{subsection.4.2}% 169
\BOOKMARK [3][-]{subsubsection.4.2.2}{\376\377\000P\000r\000o\000p\000o\000s\000i\000c\000i\000\363\000n}{subsection.4.2}% 170
\BOOKMARK [3][-]{subsubsection.4.2.3}{\376\377\000D\000e\000f\000i\000n\000i\000c\000i\000\363\000n\000\040\000-\000\040\000P\000r\000o\000y\000e\000c\000c\000i\000\363\000n\000\040\000o\000r\000t\000o\000g\000o\000n\000a\000l}{subsection.4.2}% 171
\BOOKMARK [2][-]{subsection.4.3}{\376\377\000D\000i\000s\000t\000a\000n\000c\000i\000a\000\040\000e\000n\000t\000r\000e\000\040\000v\000a\000r\000i\000e\000d\000a\000d\000e\000s\000\040\000l\000i\000n\000e\000a\000l\000e\000s}{section.4}% 172
\BOOKMARK [3][-]{subsubsection.4.3.1}{\376\377\000D\000e\000f\000i\000n\000i\000c\000i\000\363\000n\000\040\000-\000\040\000D\000i\000s\000t\000a\000n\000c\000i\000a\000\040\000e\000n\000t\000r\000e\000\040\000v\000a\000r\000i\000e\000d\000a\000d\000e\000s\000\040\000l\000i\000n\000e\000a\000l\000e\000s}{subsection.4.3}% 173
\BOOKMARK [3][-]{subsubsection.4.3.2}{\376\377\000P\000r\000o\000p\000o\000s\000i\000c\000i\000\363\000n}{subsection.4.3}% 174
\BOOKMARK [3][-]{subsubsection.4.3.3}{\376\377\000P\000r\000o\000p\000o\000s\000i\000c\000i\000\363\000n}{subsection.4.3}% 175
\BOOKMARK [3][-]{subsubsection.4.3.4}{\376\377\000P\000r\000o\000p\000o\000s\000i\000c\000i\000\363\000n\000\040\000-\000\040\000D\000i\000s\000t\000a\000n\000c\000i\000a\000\040\000e\000n\000t\000r\000e\000\040\000u\000n\000a\000\040\000v\000a\000r\000i\000e\000d\000a\000d\000\040\000y\000\040\000u\000n\000\040\000p\000u\000n\000t\000o}{subsection.4.3}% 176
\BOOKMARK [3][-]{subsubsection.4.3.5}{\376\377\000P\000r\000o\000p\000o\000s\000i\000c\000i\000\363\000n\000\040\000-\000\040\000D\000i\000s\000t\000a\000n\000c\000i\000a\000\040\000e\000n\000t\000r\000e\000\040\000d\000o\000s\000\040\000v\000a\000r\000i\000e\000d\000a\000d\000e\000s\000\040\000p\000a\000r\000a\000l\000e\000l\000a\000s}{subsection.4.3}% 177
\BOOKMARK [3][-]{subsubsection.4.3.6}{\376\377\000P\000r\000o\000p\000o\000s\000i\000c\000i\000\363\000n\000\040\000-\000\040\000V\000e\000c\000t\000o\000r\000\040\000n\000o\000r\000m\000a\000l\000\040\000a\000\040\000u\000n\000\040\000h\000i\000p\000e\000r\000p\000l\000a\000n\000o}{subsection.4.3}% 178
\BOOKMARK [3][-]{subsubsection.4.3.7}{\376\377\000P\000r\000o\000p\000o\000s\000i\000c\000i\000\363\000n}{subsection.4.3}% 179
\BOOKMARK [2][-]{subsection.4.4}{\376\377\000D\000i\000s\000t\000a\000n\000c\000i\000a\000s\000\040\000e\000n\000\040\000e\000l\000\040\000e\000s\000p\000a\000c\000i\000o\000\040\000t\000r\000i\000d\000i\000m\000e\000n\000s\000i\000o\000n\000a\000l}{section.4}% 180
\BOOKMARK [3][-]{subsubsection.4.4.1}{\376\377\000P\000r\000o\000p\000o\000s\000i\000c\000i\000\363\000n\000\040\000-\000\040\000D\000i\000s\000t\000a\000n\000c\000i\000a\000\040\000d\000e\000\040\000u\000n\000\040\000p\000u\000n\000t\000o\000\040\000a\000\040\000u\000n\000a\000\040\000r\000e\000c\000t\000a}{subsection.4.4}% 181
\BOOKMARK [3][-]{subsubsection.4.4.2}{\376\377\000P\000r\000o\000p\000o\000s\000i\000c\000i\000\363\000n\000\040\000-\000\040\000D\000i\000s\000t\000a\000n\000c\000i\000a\000\040\000e\000n\000t\000r\000e\000\040\000r\000e\000c\000t\000a\000s\000\040\000q\000u\000e\000\040\000s\000e\000\040\000c\000r\000u\000z\000a\000n}{subsection.4.4}% 182
\BOOKMARK [2][-]{subsection.4.5}{\376\377\000M\000o\000v\000i\000m\000i\000e\000n\000t\000o\000s}{section.4}% 183
\BOOKMARK [3][-]{subsubsection.4.5.1}{\376\377\000D\000e\000f\000i\000n\000i\000c\000i\000\363\000n}{subsection.4.5}% 184
\BOOKMARK [3][-]{subsubsection.4.5.2}{\376\377\000T\000e\000o\000r\000e\000m\000a}{subsection.4.5}% 185
\BOOKMARK [2][-]{subsection.4.6}{\376\377\000M\000o\000v\000i\000m\000i\000e\000n\000t\000o\000s\000\040\000e\000n\000\040\000e\000l\000\040\000p\000l\000a\000n\000o\000\040\000a\000f\000\355\000n\000\040\000e\000u\000c\000l\000\355\000d\000e\000o\000\040\000y\000\040\000s\000u\000\040\000c\000l\000a\000s\000i\000f\000i\000c\000a\000c\000i\000\363\000n}{section.4}% 186
\BOOKMARK [3][-]{subsubsection.4.6.1}{\376\377\000D\000e\000f\000i\000n\000i\000c\000i\000\363\000n}{subsection.4.6}% 187
\BOOKMARK [3][-]{subsubsection.4.6.2}{\376\377\000P\000r\000o\000p\000o\000s\000i\000c\000i\000\363\000n}{subsection.4.6}% 188
\BOOKMARK [3][-]{subsubsection.4.6.3}{\376\377\000D\000e\000f\000i\000n\000i\000c\000i\000\363\000n}{subsection.4.6}% 189
\BOOKMARK [3][-]{subsubsection.4.6.4}{\376\377\000P\000r\000o\000p\000o\000s\000i\000c\000i\000\363\000n}{subsection.4.6}% 190
