This is pdfTeX, Version 3.141592653-2.6-1.40.24 (MiKTeX 23.1) (preloaded format=pdflatex 2023.3.7)  26 APR 2023 00:18
entering extended mode
 restricted \write18 enabled.
 %&-line parsing enabled.
**./GeometriaLineal.tex
(GeometriaLineal.tex
LaTeX2e <2022-11-01> patch level 1
L3 programming layer <2023-02-07>
(C:\Users\lbcpd\AppData\Local\Programs\MiKTeX\tex/latex/base\article.cls
Document Class: article 2022/07/02 v1.4n Standard LaTeX document class
(C:\Users\lbcpd\AppData\Local\Programs\MiKTeX\tex/latex/base\size12.clo
File: size12.clo 2022/07/02 v1.4n Standard LaTeX file (size option)
)
\c@part=\count185
\c@section=\count186
\c@subsection=\count187
\c@subsubsection=\count188
\c@paragraph=\count189
\c@subparagraph=\count190
\c@figure=\count191
\c@table=\count192
\abovecaptionskip=\skip48
\belowcaptionskip=\skip49
\bibindent=\dimen140
)
(C:\Users\lbcpd\AppData\Local\Programs\MiKTeX\tex/latex/base\inputenc.sty
Package: inputenc 2021/02/14 v1.3d Input encoding file
\inpenc@prehook=\toks16
\inpenc@posthook=\toks17
)
(C:\Users\lbcpd\AppData\Local\Programs\MiKTeX\tex/latex/base\fontenc.sty
Package: fontenc 2021/04/29 v2.0v Standard LaTeX package
)
(C:\Users\lbcpd\AppData\Local\Programs\MiKTeX\tex/latex/amsmath\amsmath.sty
Package: amsmath 2022/04/08 v2.17n AMS math features
\@mathmargin=\skip50

For additional information on amsmath, use the `?' option.
(C:\Users\lbcpd\AppData\Local\Programs\MiKTeX\tex/latex/amsmath\amstext.sty
Package: amstext 2021/08/26 v2.01 AMS text

(C:\Users\lbcpd\AppData\Local\Programs\MiKTeX\tex/latex/amsmath\amsgen.sty
File: amsgen.sty 1999/11/30 v2.0 generic functions
\@emptytoks=\toks18
\ex@=\dimen141
))
(C:\Users\lbcpd\AppData\Local\Programs\MiKTeX\tex/latex/amsmath\amsbsy.sty
Package: amsbsy 1999/11/29 v1.2d Bold Symbols
\pmbraise@=\dimen142
)
(C:\Users\lbcpd\AppData\Local\Programs\MiKTeX\tex/latex/amsmath\amsopn.sty
Package: amsopn 2022/04/08 v2.04 operator names
)
\inf@bad=\count193
LaTeX Info: Redefining \frac on input line 234.
\uproot@=\count194
\leftroot@=\count195
LaTeX Info: Redefining \overline on input line 399.
LaTeX Info: Redefining \colon on input line 410.
\classnum@=\count196
\DOTSCASE@=\count197
LaTeX Info: Redefining \ldots on input line 496.
LaTeX Info: Redefining \dots on input line 499.
LaTeX Info: Redefining \cdots on input line 620.
\Mathstrutbox@=\box51
\strutbox@=\box52
LaTeX Info: Redefining \big on input line 722.
LaTeX Info: Redefining \Big on input line 723.
LaTeX Info: Redefining \bigg on input line 724.
LaTeX Info: Redefining \Bigg on input line 725.
\big@size=\dimen143
LaTeX Font Info:    Redeclaring font encoding OML on input line 743.
LaTeX Font Info:    Redeclaring font encoding OMS on input line 744.
\macc@depth=\count198
LaTeX Info: Redefining \bmod on input line 905.
LaTeX Info: Redefining \pmod on input line 910.
LaTeX Info: Redefining \smash on input line 940.
LaTeX Info: Redefining \relbar on input line 970.
LaTeX Info: Redefining \Relbar on input line 971.
\c@MaxMatrixCols=\count199
\dotsspace@=\muskip16
\c@parentequation=\count266
\dspbrk@lvl=\count267
\tag@help=\toks19
\row@=\count268
\column@=\count269
\maxfields@=\count270
\andhelp@=\toks20
\eqnshift@=\dimen144
\alignsep@=\dimen145
\tagshift@=\dimen146
\tagwidth@=\dimen147
\totwidth@=\dimen148
\lineht@=\dimen149
\@envbody=\toks21
\multlinegap=\skip51
\multlinetaggap=\skip52
\mathdisplay@stack=\toks22
LaTeX Info: Redefining \[ on input line 2953.
LaTeX Info: Redefining \] on input line 2954.
)
(C:\Users\lbcpd\AppData\Local\Programs\MiKTeX\tex/latex/amsfonts\amsfonts.sty
Package: amsfonts 2013/01/14 v3.01 Basic AMSFonts support
\symAMSa=\mathgroup4
\symAMSb=\mathgroup5
LaTeX Font Info:    Redeclaring math symbol \hbar on input line 98.
LaTeX Font Info:    Overwriting math alphabet `\mathfrak' in version `bold'
(Font)                  U/euf/m/n --> U/euf/b/n on input line 106.
)
(C:\Users\lbcpd\AppData\Local\Programs\MiKTeX\tex/latex/amsfonts\amssymb.sty
Package: amssymb 2013/01/14 v3.01 AMS font symbols
)
(C:\Users\lbcpd\AppData\Local\Programs\MiKTeX\tex/latex/mhchem\mhchem.sty
Package: mhchem 2021/12/31 v4.09 for typesetting chemical formulae

(C:\Users\lbcpd\AppData\Local\Programs\MiKTeX\tex/latex/l3kernel\expl3.sty
Package: expl3 2023-02-07 L3 programming layer (loader) 

(C:\Users\lbcpd\AppData\Local\Programs\MiKTeX\tex/latex/l3backend\l3backend-pdf
tex.def
File: l3backend-pdftex.def 2023-01-16 L3 backend support: PDF output (pdfTeX)
\l__color_backend_stack_int=\count271
\l__pdf_internal_box=\box53
))
(C:\Users\lbcpd\AppData\Local\Programs\MiKTeX\tex/latex/l3packages/l3keys2e\l3k
eys2e.sty
Package: l3keys2e 2023-01-16 LaTeX2e option processing using LaTeX3 keys
)
(C:\Users\lbcpd\AppData\Local\Programs\MiKTeX\tex/latex/tools\calc.sty
Package: calc 2017/05/25 v4.3 Infix arithmetic (KKT,FJ)
\calc@Acount=\count272
\calc@Bcount=\count273
\calc@Adimen=\dimen150
\calc@Bdimen=\dimen151
\calc@Askip=\skip53
\calc@Bskip=\skip54
LaTeX Info: Redefining \setlength on input line 80.
LaTeX Info: Redefining \addtolength on input line 81.
\calc@Ccount=\count274
\calc@Cskip=\skip55
)
(C:\Users\lbcpd\AppData\Local\Programs\MiKTeX\tex/latex/chemgreek\chemgreek.sty

(C:\Users\lbcpd\AppData\Local\Programs\MiKTeX\tex/latex/l3packages/xparse\xpars
e.sty
Package: xparse 2023-01-16 L3 Experimental document command parser
)
Package: chemgreek 2020/01/16 v1.1a interface for upright Greek letters for use
 in chemistry (CN)
\l__chemgreek_tmpa_int=\count275
\g__chemgreek_tmpa_int=\count276
)
(C:\Users\lbcpd\AppData\Local\Programs\MiKTeX\tex/latex/graphics\graphics.sty
Package: graphics 2022/03/10 v1.4e Standard LaTeX Graphics (DPC,SPQR)

(C:\Users\lbcpd\AppData\Local\Programs\MiKTeX\tex/latex/graphics\trig.sty
Package: trig 2021/08/11 v1.11 sin cos tan (DPC)
)
(C:\Users\lbcpd\AppData\Local\Programs\MiKTeX\tex/latex/graphics-cfg\graphics.c
fg
File: graphics.cfg 2016/06/04 v1.11 sample graphics configuration
)
Package graphics Info: Driver file: pdftex.def on input line 107.

(C:\Users\lbcpd\AppData\Local\Programs\MiKTeX\tex/latex/graphics-def\pdftex.def
File: pdftex.def 2022/09/22 v1.2b Graphics/color driver for pdftex
))
\l__mhchem_ce_distanceFromLastComma_int=\count277
\__mhchem_arrow_extPgfLength_skip=\skip56
\mhchem@minispace@tmp=\skip57
\mhchem@minibackspace@tmp=\skip58
\mhchem@bondwidth=\skip59
\mhchem@bondheight=\skip60
\mhchem@smallbondwidth@tmpA=\skip61
\mhchem@smallbondwidth@tmpB=\skip62
\mhchem@smallbondwidth=\skip63
\mhchem@bondtmp@minussidebearingleft=\skip64
\mhchem@bondtmp@minussidebearingright=\skip65
\l__mhchem_option_version_int=\count278
\mhchem@option@minusmathsidebearingleft=\dimen152
\mhchem@option@minusmathsidebearingright=\dimen153
\mhchem@option@minustextsidebearingleft=\dimen154
\mhchem@option@minustextsidebearingright=\dimen155
)
(C:\Users\lbcpd\AppData\Local\Programs\MiKTeX\tex/latex/stmaryrd\stmaryrd.sty
Package: stmaryrd 1994/03/03 St Mary's Road symbol package
\symstmry=\mathgroup6
LaTeX Font Info:    Overwriting symbol font `stmry' in version `bold'
(Font)                  U/stmry/m/n --> U/stmry/b/n on input line 89.
)
(C:\Users\lbcpd\AppData\Local\Programs\MiKTeX\tex/latex/bbold\bbold.sty
Package: bbold 1994/04/06 Bbold symbol package
LaTeX Font Info:    Redeclaring math alphabet \mathbb on input line 42.
)
(C:\Users\lbcpd\AppData\Local\Programs\MiKTeX\tex/latex/graphics\graphicx.sty
Package: graphicx 2021/09/16 v1.2d Enhanced LaTeX Graphics (DPC,SPQR)

(C:\Users\lbcpd\AppData\Local\Programs\MiKTeX\tex/latex/graphics\keyval.sty
Package: keyval 2022/05/29 v1.15 key=value parser (DPC)
\KV@toks@=\toks23
)
\Gin@req@height=\dimen156
\Gin@req@width=\dimen157
)
(C:\Users\lbcpd\AppData\Local\Programs\MiKTeX\tex/latex/adjustbox\adjustbox.sty
Package: adjustbox 2022/10/17 v1.3a Adjusting TeX boxes (trim, clip, ...)
(C:\Users\lbcpd\AppData\Local\Programs\MiKTeX\tex/latex/xkeyval\xkeyval.sty
Package: xkeyval 2022/06/16 v2.9 package option processing (HA)

(C:\Users\lbcpd\AppData\Local\Programs\MiKTeX\tex/generic/xkeyval\xkeyval.tex
(C:\Users\lbcpd\AppData\Local\Programs\MiKTeX\tex/generic/xkeyval\xkvutils.tex
\XKV@toks=\toks24
\XKV@tempa@toks=\toks25
)
\XKV@depth=\count279
File: xkeyval.tex 2014/12/03 v2.7a key=value parser (HA)
))
(C:\Users\lbcpd\AppData\Local\Programs\MiKTeX\tex/latex/adjustbox\adjcalc.sty
Package: adjcalc 2012/05/16 v1.1 Provides advanced setlength with multiple back
-ends (calc, etex, pgfmath)
)
(C:\Users\lbcpd\AppData\Local\Programs\MiKTeX\tex/latex/adjustbox\trimclip.sty
Package: trimclip 2020/08/19 v1.2 Trim and clip general TeX material

(C:\Users\lbcpd\AppData\Local\Programs\MiKTeX\tex/latex/collectbox\collectbox.s
ty
Package: collectbox 2022/10/17 v0.4c Collect macro arguments as boxes
\collectedbox=\box54
)
\tc@llx=\dimen158
\tc@lly=\dimen159
\tc@urx=\dimen160
\tc@ury=\dimen161
Package trimclip Info: Using driver 'tc-pdftex.def'.

(C:\Users\lbcpd\AppData\Local\Programs\MiKTeX\tex/latex/adjustbox\tc-pdftex.def
File: tc-pdftex.def 2019/01/04 v2.2 Clipping driver for pdftex
))
\adjbox@Width=\dimen162
\adjbox@Height=\dimen163
\adjbox@Depth=\dimen164
\adjbox@Totalheight=\dimen165
\adjbox@pwidth=\dimen166
\adjbox@pheight=\dimen167
\adjbox@pdepth=\dimen168
\adjbox@ptotalheight=\dimen169

(C:\Users\lbcpd\AppData\Local\Programs\MiKTeX\tex/latex/ifoddpage\ifoddpage.sty
Package: ifoddpage 2022/10/18 v1.2 Conditionals for odd/even page detection
\c@checkoddpage=\count280
) (C:\Users\lbcpd\AppData\Local\Programs\MiKTeX\tex/latex/varwidth\varwidth.sty
Package: varwidth 2009/03/30 ver 0.92;  Variable-width minipages
\@vwid@box=\box55
\sift@deathcycles=\count281
\@vwid@loff=\dimen170
\@vwid@roff=\dimen171
))
(C:\Users\lbcpd\AppData\Local\Programs\MiKTeX\tex/latex/enumitem\enumitem.sty
Package: enumitem 2019/06/20 v3.9 Customized lists
\labelindent=\skip66
\enit@outerparindent=\dimen172
\enit@toks=\toks26
\enit@inbox=\box56
\enit@count@id=\count282
\enitdp@description=\count283
)
(C:\Users\lbcpd\AppData\Local\Programs\MiKTeX\tex/latex/mathtools\mathtools.sty
Package: mathtools 2022/06/29 v1.29 mathematical typesetting tools
(C:\Users\lbcpd\AppData\Local\Programs\MiKTeX\tex/latex/mathtools\mhsetup.sty
Package: mhsetup 2021/03/18 v1.4 programming setup (MH)
)
\g_MT_multlinerow_int=\count284
\l_MT_multwidth_dim=\dimen173
\origjot=\skip67
\l_MT_shortvdotswithinadjustabove_dim=\dimen174
\l_MT_shortvdotswithinadjustbelow_dim=\dimen175
\l_MT_above_intertext_sep=\dimen176
\l_MT_below_intertext_sep=\dimen177
\l_MT_above_shortintertext_sep=\dimen178
\l_MT_below_shortintertext_sep=\dimen179
\xmathstrut@box=\box57
\xmathstrut@dim=\dimen180
) (C:\Users\lbcpd\AppData\Local\Programs\MiKTeX\tex/generic/babel\babel.sty
Package: babel 2023/02/13 3.86 The Babel package
\babel@savecnt=\count285
\U@D=\dimen181
\l@unhyphenated=\language79

(C:\Users\lbcpd\AppData\Local\Programs\MiKTeX\tex/generic/babel\txtbabel.def)
\bbl@readstream=\read2
\bbl@dirlevel=\count286

*************************************
* Local config file bblopts.cfg used
*
(C:\Users\lbcpd\AppData\Local\Programs\MiKTeX\tex/latex/arabi\bblopts.cfg
File: bblopts.cfg 2005/09/08 v0.1 add Arabic and Farsi to "declared" options of
 babel
)
(C:\Users\lbcpd\AppData\Local\Programs\MiKTeX\tex/latex/babel-spanish\spanish.l
df
Language: spanish.ldf 2021/05/27 v5.0q Spanish support from the babel system
\es@quottoks=\toks27
\es@quotdepth=\count287
Package babel Info: Making " an active character on input line 570.
Package babel Info: Making . an active character on input line 675.
Package babel Info: Making < an active character on input line 722.
Package babel Info: Making > an active character on input line 722.
))
(C:\Users\lbcpd\AppData\Local\Programs\MiKTeX\tex/generic/babel/locale/es\babel
-spanish.tex
Package babel Info: Importing font and identification data for spanish
(babel)             from babel-es.ini. Reported on input line 11.
)
(C:\Users\lbcpd\AppData\Local\Programs\MiKTeX\tex/latex/base\fontenc.sty
Package: fontenc 2021/04/29 v2.0v Standard LaTeX package
)
(C:\Users\lbcpd\AppData\Local\Programs\MiKTeX\tex/latex/lipsum\lipsum.sty
Package: lipsum 2021-09-20 v2.7 150 paragraphs of Lorem Ipsum dummy text
\g__lipsum_par_int=\count288
\l__lipsum_a_int=\count289
\l__lipsum_b_int=\count290

(C:\Users\lbcpd\AppData\Local\Programs\MiKTeX\tex/latex/lipsum\lipsum.ltd.tex))
(C:\Users\lbcpd\AppData\Local\Programs\MiKTeX\tex/latex/tools\verbatim.sty
Package: verbatim 2022-07-02 v1.5u LaTeX2e package for verbatim enhancements
\every@verbatim=\toks28
\verbatim@line=\toks29
\verbatim@in@stream=\read3
)
(C:\Users\lbcpd\AppData\Local\Programs\MiKTeX\tex/latex/fancyhdr\fancyhdr.sty
Package: fancyhdr 2022/11/09 v4.1 Extensive control of page headers and footers

\f@nch@headwidth=\skip68
\f@nch@O@elh=\skip69
\f@nch@O@erh=\skip70
\f@nch@O@olh=\skip71
\f@nch@O@orh=\skip72
\f@nch@O@elf=\skip73
\f@nch@O@erf=\skip74
\f@nch@O@olf=\skip75
\f@nch@O@orf=\skip76
)
(C:\Users\lbcpd\AppData\Local\Programs\MiKTeX\tex/latex/geometry\geometry.sty
Package: geometry 2020/01/02 v5.9 Page Geometry

(C:\Users\lbcpd\AppData\Local\Programs\MiKTeX\tex/generic/iftex\ifvtex.sty
Package: ifvtex 2019/10/25 v1.7 ifvtex legacy package. Use iftex instead.

(C:\Users\lbcpd\AppData\Local\Programs\MiKTeX\tex/generic/iftex\iftex.sty
Package: iftex 2022/02/03 v1.0f TeX engine tests
))
\Gm@cnth=\count291
\Gm@cntv=\count292
\c@Gm@tempcnt=\count293
\Gm@bindingoffset=\dimen182
\Gm@wd@mp=\dimen183
\Gm@odd@mp=\dimen184
\Gm@even@mp=\dimen185
\Gm@layoutwidth=\dimen186
\Gm@layoutheight=\dimen187
\Gm@layouthoffset=\dimen188
\Gm@layoutvoffset=\dimen189
\Gm@dimlist=\toks30

(C:\Users\lbcpd\AppData\Local\Programs\MiKTeX\tex/latex/geometry\geometry.cfg))
(C:\Users\lbcpd\AppData\Local\Programs\MiKTeX\tex/latex/hyperref\hyperref.sty
Package: hyperref 2023-02-07 v7.00v Hypertext links for LaTeX

(C:\Users\lbcpd\AppData\Local\Programs\MiKTeX\tex/generic/ltxcmds\ltxcmds.sty
Package: ltxcmds 2020-05-10 v1.25 LaTeX kernel commands for general use (HO)
)
(C:\Users\lbcpd\AppData\Local\Programs\MiKTeX\tex/generic/pdftexcmds\pdftexcmds
.sty
Package: pdftexcmds 2020-06-27 v0.33 Utility functions of pdfTeX for LuaTeX (HO
)

(C:\Users\lbcpd\AppData\Local\Programs\MiKTeX\tex/generic/infwarerr\infwarerr.s
ty
Package: infwarerr 2019/12/03 v1.5 Providing info/warning/error messages (HO)
)
Package pdftexcmds Info: \pdf@primitive is available.
Package pdftexcmds Info: \pdf@ifprimitive is available.
Package pdftexcmds Info: \pdfdraftmode found.
)
(C:\Users\lbcpd\AppData\Local\Programs\MiKTeX\tex/latex/kvsetkeys\kvsetkeys.sty
Package: kvsetkeys 2022-10-05 v1.19 Key value parser (HO)
)
(C:\Users\lbcpd\AppData\Local\Programs\MiKTeX\tex/generic/kvdefinekeys\kvdefine
keys.sty
Package: kvdefinekeys 2019-12-19 v1.6 Define keys (HO)
)
(C:\Users\lbcpd\AppData\Local\Programs\MiKTeX\tex/generic/pdfescape\pdfescape.s
ty
Package: pdfescape 2019/12/09 v1.15 Implements pdfTeX's escape features (HO)
) (C:\Users\lbcpd\AppData\Local\Programs\MiKTeX\tex/latex/hycolor\hycolor.sty
Package: hycolor 2020-01-27 v1.10 Color options for hyperref/bookmark (HO)
)
(C:\Users\lbcpd\AppData\Local\Programs\MiKTeX\tex/latex/letltxmacro\letltxmacro
.sty
Package: letltxmacro 2019/12/03 v1.6 Let assignment for LaTeX macros (HO)
)
(C:\Users\lbcpd\AppData\Local\Programs\MiKTeX\tex/latex/auxhook\auxhook.sty
Package: auxhook 2019-12-17 v1.6 Hooks for auxiliary files (HO)
)
(C:\Users\lbcpd\AppData\Local\Programs\MiKTeX\tex/latex/hyperref\nameref.sty
Package: nameref 2022-05-17 v2.50 Cross-referencing by name of section

(C:\Users\lbcpd\AppData\Local\Programs\MiKTeX\tex/latex/refcount\refcount.sty
Package: refcount 2019/12/15 v3.6 Data extraction from label references (HO)
)
(C:\Users\lbcpd\AppData\Local\Programs\MiKTeX\tex/generic/gettitlestring\gettit
lestring.sty
Package: gettitlestring 2019/12/15 v1.6 Cleanup title references (HO)

(C:\Users\lbcpd\AppData\Local\Programs\MiKTeX\tex/latex/kvoptions\kvoptions.sty
Package: kvoptions 2022-06-15 v3.15 Key value format for package options (HO)
))
\c@section@level=\count294
)
\@linkdim=\dimen190
\Hy@linkcounter=\count295
\Hy@pagecounter=\count296
 (C:\Users\lbcpd\AppData\Local\Programs\MiKTeX\tex/latex/hyperref\pd1enc.def
File: pd1enc.def 2023-02-07 v7.00v Hyperref: PDFDocEncoding definition (HO)
Now handling font encoding PD1 ...
... no UTF-8 mapping file for font encoding PD1
) (C:\Users\lbcpd\AppData\Local\Programs\MiKTeX\tex/generic/intcalc\intcalc.sty
Package: intcalc 2019/12/15 v1.3 Expandable calculations with integers (HO)
)
(C:\Users\lbcpd\AppData\Local\Programs\MiKTeX\tex/generic/etexcmds\etexcmds.sty
Package: etexcmds 2019/12/15 v1.7 Avoid name clashes with e-TeX commands (HO)
)
\Hy@SavedSpaceFactor=\count297
 (C:\Users\lbcpd\AppData\Local\Programs\MiKTeX\tex/latex/hyperref\puenc.def
File: puenc.def 2023-02-07 v7.00v Hyperref: PDF Unicode definition (HO)
Now handling font encoding PU ...
... no UTF-8 mapping file for font encoding PU
)
Package hyperref Info: Hyper figures OFF on input line 4177.
Package hyperref Info: Link nesting OFF on input line 4182.
Package hyperref Info: Hyper index ON on input line 4185.
Package hyperref Info: Plain pages OFF on input line 4192.
Package hyperref Info: Backreferencing OFF on input line 4197.
Package hyperref Info: Implicit mode ON; LaTeX internals redefined.
Package hyperref Info: Bookmarks ON on input line 4425.
\c@Hy@tempcnt=\count298

(C:\Users\lbcpd\AppData\Local\Programs\MiKTeX\tex/latex/url\url.sty
\Urlmuskip=\muskip17
Package: url 2013/09/16  ver 3.4  Verb mode for urls, etc.
)
LaTeX Info: Redefining \url on input line 4763.
\XeTeXLinkMargin=\dimen191

(C:\Users\lbcpd\AppData\Local\Programs\MiKTeX\tex/generic/bitset\bitset.sty
Package: bitset 2019/12/09 v1.3 Handle bit-vector datatype (HO)

(C:\Users\lbcpd\AppData\Local\Programs\MiKTeX\tex/generic/bigintcalc\bigintcalc
.sty
Package: bigintcalc 2019/12/15 v1.5 Expandable calculations on big integers (HO
)
))
\Fld@menulength=\count299
\Field@Width=\dimen192
\Fld@charsize=\dimen193
Package hyperref Info: Hyper figures OFF on input line 6042.
Package hyperref Info: Link nesting OFF on input line 6047.
Package hyperref Info: Hyper index ON on input line 6050.
Package hyperref Info: backreferencing OFF on input line 6057.
Package hyperref Info: Link coloring OFF on input line 6062.
Package hyperref Info: Link coloring with OCG OFF on input line 6067.
Package hyperref Info: PDF/A mode OFF on input line 6072.

(C:\Users\lbcpd\AppData\Local\Programs\MiKTeX\tex/latex/base\atbegshi-ltx.sty
Package: atbegshi-ltx 2021/01/10 v1.0c Emulation of the original atbegshi
package with kernel methods
)
\Hy@abspage=\count300
\c@Item=\count301
\c@Hfootnote=\count302
)
Package hyperref Info: Driver (autodetected): hpdftex.
(C:\Users\lbcpd\AppData\Local\Programs\MiKTeX\tex/latex/hyperref\hpdftex.def
File: hpdftex.def 2023-02-07 v7.00v Hyperref driver for pdfTeX

(C:\Users\lbcpd\AppData\Local\Programs\MiKTeX\tex/latex/base\atveryend-ltx.sty
Package: atveryend-ltx 2020/08/19 v1.0a Emulation of the original atveryend pac
kage
with kernel methods
)
\Fld@listcount=\count303
\c@bookmark@seq@number=\count304

(C:\Users\lbcpd\AppData\Local\Programs\MiKTeX\tex/latex/rerunfilecheck\rerunfil
echeck.sty
Package: rerunfilecheck 2022-07-10 v1.10 Rerun checks for auxiliary files (HO)

(C:\Users\lbcpd\AppData\Local\Programs\MiKTeX\tex/generic/uniquecounter\uniquec
ounter.sty
Package: uniquecounter 2019/12/15 v1.4 Provide unlimited unique counter (HO)
)
Package uniquecounter Info: New unique counter `rerunfilecheck' on input line 2
85.
)
\Hy@SectionHShift=\skip77
)
Package hyperref Info: Option `colorlinks' set `true' on input line 144.

(C:\Users\lbcpd\AppData\Local\Programs\MiKTeX\tex/latex/amscls\amsthm.sty
Package: amsthm 2020/05/29 v2.20.6
\thm@style=\toks31
\thm@bodyfont=\toks32
\thm@headfont=\toks33
\thm@notefont=\toks34
\thm@headpunct=\toks35
\thm@preskip=\skip78
\thm@postskip=\skip79
\thm@headsep=\skip80
\dth@everypar=\toks36
)
(C:\Users\lbcpd\AppData\Local\Programs\MiKTeX\tex/latex/float\float.sty
Package: float 2001/11/08 v1.3d Float enhancements (AL)
\c@float@type=\count305
\float@exts=\toks37
\float@box=\box58
\@float@everytoks=\toks38
\@floatcapt=\box59
)
(C:\Users\lbcpd\AppData\Local\Programs\MiKTeX\tex/latex/subfigure\subfigure.sty
Package: subfigure 2002/07/30 v2.1.4 subfigure package
\subfigtopskip=\skip81
\subfigcapskip=\skip82
\subfigcaptopadj=\dimen194
\subfigbottomskip=\skip83
\subfigcapmargin=\dimen195
\subfiglabelskip=\skip84
\c@subfigure=\count306
\c@lofdepth=\count307
\c@subtable=\count308
\c@lotdepth=\count309
****************************************
* Local config file subfigure.cfg used *
****************************************

(C:\Users\lbcpd\AppData\Local\Programs\MiKTeX\tex/latex/subfigure\subfigure.cfg
)
\subfig@top=\skip85
\subfig@bottom=\skip86
) (C:\Users\lbcpd\AppData\Local\Programs\MiKTeX\tex/latex/wrapfig\wrapfig.sty
\wrapoverhang=\dimen196
\WF@size=\dimen197
\c@WF@wrappedlines=\count310
\WF@box=\box60
\WF@everypar=\toks39
Package: wrapfig 2003/01/31  v 3.6
) (C:\Users\lbcpd\AppData\Local\Programs\MiKTeX\tex/latex/xcolor\xcolor.sty
Package: xcolor 2022/06/12 v2.14 LaTeX color extensions (UK)

(C:\Users\lbcpd\AppData\Local\Programs\MiKTeX\tex/latex/graphics-cfg\color.cfg
File: color.cfg 2016/01/02 v1.6 sample color configuration
)
Package xcolor Info: Driver file: pdftex.def on input line 227.
(C:\Users\lbcpd\AppData\Local\Programs\MiKTeX\tex/latex/graphics\mathcolor.ltx)
Package xcolor Info: Model `cmy' substituted by `cmy0' on input line 1353.
Package xcolor Info: Model `hsb' substituted by `rgb' on input line 1357.
Package xcolor Info: Model `RGB' extended on input line 1369.
Package xcolor Info: Model `HTML' substituted by `rgb' on input line 1371.
Package xcolor Info: Model `Hsb' substituted by `hsb' on input line 1372.
Package xcolor Info: Model `tHsb' substituted by `hsb' on input line 1373.
Package xcolor Info: Model `HSB' substituted by `hsb' on input line 1374.
Package xcolor Info: Model `Gray' substituted by `gray' on input line 1375.
Package xcolor Info: Model `wave' substituted by `hsb' on input line 1376.
(C:\Users\lbcpd\AppData\Local\Programs\MiKTeX\tex/latex/graphics\dvipsnam.def
File: dvipsnam.def 2016/06/17 v3.0m Driver-dependent file (DPC,SPQR)
)) (C:\Users\lbcpd\AppData\Local\Programs\MiKTeX\tex/latex/cite\cite.sty
LaTeX Info: Redefining \cite on input line 302.
LaTeX Info: Redefining \nocite on input line 332.
Package: cite 2015/02/27  v 5.5
LaTeX Info: Redefining \cite on input line 441.
)
\@glossaryfile=\write3
\openout3 = `GeometriaLineal.glo'.


Writing glossary file GeometriaLineal.glo 
\@indexfile=\write4
\openout4 = `GeometriaLineal.idx'.

Writing index file GeometriaLineal.idx

LaTeX Warning: Unused global option(s):
    [ones,openany].

(GeometriaLineal.aux
LaTeX Info: Redefining \. on input line 23.
LaTeX Info: Redefining \% on input line 23.
)
\openout1 = `GeometriaLineal.aux'.

LaTeX Font Info:    Checking defaults for OML/cmm/m/it on input line 216.
LaTeX Font Info:    ... okay on input line 216.
LaTeX Font Info:    Checking defaults for OMS/cmsy/m/n on input line 216.
LaTeX Font Info:    ... okay on input line 216.
LaTeX Font Info:    Checking defaults for OT1/cmr/m/n on input line 216.
LaTeX Font Info:    ... okay on input line 216.
LaTeX Font Info:    Checking defaults for T1/cmr/m/n on input line 216.
LaTeX Font Info:    ... okay on input line 216.
LaTeX Font Info:    Checking defaults for TS1/cmr/m/n on input line 216.
LaTeX Font Info:    ... okay on input line 216.
LaTeX Font Info:    Checking defaults for OMX/cmex/m/n on input line 216.
LaTeX Font Info:    ... okay on input line 216.
LaTeX Font Info:    Checking defaults for U/cmr/m/n on input line 216.
LaTeX Font Info:    ... okay on input line 216.
LaTeX Font Info:    Checking defaults for PD1/pdf/m/n on input line 216.
LaTeX Font Info:    ... okay on input line 216.
LaTeX Font Info:    Checking defaults for PU/pdf/m/n on input line 216.
LaTeX Font Info:    ... okay on input line 216.

Package chemgreek Info: Activating mapping `default' on line 216.


(C:\Users\lbcpd\AppData\Local\Programs\MiKTeX\tex/context/base/mkii\supp-pdf.mk
ii
[Loading MPS to PDF converter (version 2006.09.02).]
\scratchcounter=\count311
\scratchdimen=\dimen198
\scratchbox=\box61
\nofMPsegments=\count312
\nofMParguments=\count313
\everyMPshowfont=\toks40
\MPscratchCnt=\count314
\MPscratchDim=\dimen199
\MPnumerator=\count315
\makeMPintoPDFobject=\count316
\everyMPtoPDFconversion=\toks41
)
(C:\Users\lbcpd\AppData\Local\Programs\MiKTeX\tex/latex/epstopdf-pkg\epstopdf-b
ase.sty
Package: epstopdf-base 2020-01-24 v2.11 Base part for package epstopdf

(C:\Users\lbcpd\AppData\Local\Programs\MiKTeX\tex/latex/grfext\grfext.sty
Package: grfext 2019/12/03 v1.3 Manage graphics extensions (HO)
)
Package epstopdf-base Info: Redefining graphics rule for `.eps' on input line 4
85.
Package grfext Info: Graphics extension search list:
(grfext)             [.pdf,.png,.jpg,.mps,.jpeg,.jbig2,.jb2,.PDF,.PNG,.JPG,.JPE
G,.JBIG2,.JB2,.eps]
(grfext)             \AppendGraphicsExtensions on input line 504.

(C:\Users\lbcpd\AppData\Local\Programs\MiKTeX\tex/latex/00miktex\epstopdf-sys.c
fg
File: epstopdf-sys.cfg 2021/03/18 v2.0 Configuration of epstopdf for MiKTeX
))
LaTeX Info: Redefining \. on input line 216.
LaTeX Info: Redefining \% on input line 216.

*geometry* driver: auto-detecting
*geometry* detected driver: pdftex
*geometry* verbose mode - [ preamble ] result:
* driver: pdftex
* paper: a4paper
* layout: <same size as paper>
* layoutoffset:(h,v)=(0.0pt,0.0pt)
* modes: 
* h-part:(L,W,R)=(0.0pt, 597.50787pt, 0.0pt)
* v-part:(T,H,B)=(28.45274pt, 788.14136pt, 28.45274pt)
* \paperwidth=597.50787pt
* \paperheight=845.04684pt
* \textwidth=475.0pt
* \textheight=650.0pt
* \oddsidemargin=0.0pt
* \evensidemargin=20.0pt
* \topmargin=-14.31609pt
* \headheight=15.0pt
* \headsep=20.0pt
* \topskip=12.0pt
* \footskip=40.0pt
* \marginparwidth=20.0pt
* \marginparsep=7.0pt
* \columnsep=10.0pt
* \skip\footins=10.8pt plus 4.0pt minus 2.0pt
* \hoffset=0.0pt
* \voffset=0.0pt
* \mag=1000
* \@twocolumnfalse
* \@twosidefalse
* \@mparswitchfalse
* \@reversemarginfalse
* (1in=72.27pt=25.4mm, 1cm=28.453pt)

Package hyperref Info: Link coloring ON on input line 216.
(GeometriaLineal.out) (GeometriaLineal.out)
\@outlinefile=\write5
\openout5 = `GeometriaLineal.out'.

 [1

{C:/Users/lbcpd/AppData/Local/MiKTeX/fonts/map/pdftex/pdftex.map}]
LaTeX Font Info:    Trying to load font information for U+msa on input line 246
.

(C:\Users\lbcpd\AppData\Local\Programs\MiKTeX\tex/latex/amsfonts\umsa.fd
File: umsa.fd 2013/01/14 v3.01 AMS symbols A
)
LaTeX Font Info:    Trying to load font information for U+msb on input line 246
.

(C:\Users\lbcpd\AppData\Local\Programs\MiKTeX\tex/latex/amsfonts\umsb.fd
File: umsb.fd 2013/01/14 v3.01 AMS symbols B
)
LaTeX Font Info:    Trying to load font information for U+stmry on input line 2
46.

(C:\Users\lbcpd\AppData\Local\Programs\MiKTeX\tex/latex/stmaryrd\ustmry.fd)
LaTeX Font Info:    Trying to load font information for U+bbold on input line 2
49.

(C:\Users\lbcpd\AppData\Local\Programs\MiKTeX\tex/latex/bbold\ubbold.fd)
<./images//2023_03_01_7659aec5e35f9a9b2d3cg-01(1).jpg, id=696, 284.06125pt x 10
3.38625pt>
File: ./images//2023_03_01_7659aec5e35f9a9b2d3cg-01(1).jpg Graphic file (type j
pg)
<use ./images//2023_03_01_7659aec5e35f9a9b2d3cg-01(1).jpg>
Package pdftex.def Info: ./images//2023_03_01_7659aec5e35f9a9b2d3cg-01(1).jpg  
used on input line 257.
(pdftex.def)             Requested size: 284.06053pt x 103.38599pt.
<./images//2023_03_01_7659aec5e35f9a9b2d3cg-01.jpg, id=697, 463.7325pt x 220.82
5pt>
File: ./images//2023_03_01_7659aec5e35f9a9b2d3cg-01.jpg Graphic file (type jpg)

<use ./images//2023_03_01_7659aec5e35f9a9b2d3cg-01.jpg>
Package pdftex.def Info: ./images//2023_03_01_7659aec5e35f9a9b2d3cg-01.jpg  use
d on input line 266.
(pdftex.def)             Requested size: 463.73135pt x 220.82445pt.

pdfTeX warning (ext4): destination with the same identifier (name{page.1}) has 
been already used, duplicate ignored
<to be read again> 
                   \relax 
l.270 	\begin{center}
                      [1 <./images//2023_03_01_7659aec5e35f9a9b2d3cg-01(1).jpg>
 <./images//2023_03_01_7659aec5e35f9a9b2d3cg-01.jpg>]
<./images//2023_03_01_7659aec5e35f9a9b2d3cg-01(2).jpg, id=710, 372.39125pt x 97
.36375pt>
File: ./images//2023_03_01_7659aec5e35f9a9b2d3cg-01(2).jpg Graphic file (type j
pg)
<use ./images//2023_03_01_7659aec5e35f9a9b2d3cg-01(2).jpg>
Package pdftex.def Info: ./images//2023_03_01_7659aec5e35f9a9b2d3cg-01(2).jpg  
used on input line 271.
(pdftex.def)             Requested size: 372.39034pt x 97.3635pt.
<./images//2023_03_01_7659aec5e35f9a9b2d3cg-02.jpg, id=711, 512.91624pt x 257.9
6375pt>
File: ./images//2023_03_01_7659aec5e35f9a9b2d3cg-02.jpg Graphic file (type jpg)

<use ./images//2023_03_01_7659aec5e35f9a9b2d3cg-02.jpg>
Package pdftex.def Info: ./images//2023_03_01_7659aec5e35f9a9b2d3cg-02.jpg  use
d on input line 293.
(pdftex.def)             Requested size: 512.915pt x 257.9631pt.
 [2 <./images//2023_03_01_7659aec5e35f9a9b2d3cg-01(2).jpg> <./images//2023_03_0
1_7659aec5e35f9a9b2d3cg-02.jpg>]
<./images//2023_03_01_7659aec5e35f9a9b2d3cg-03.jpg, id=730, 977.6525pt x 431.61
25pt>
File: ./images//2023_03_01_7659aec5e35f9a9b2d3cg-03.jpg Graphic file (type jpg)

<use ./images//2023_03_01_7659aec5e35f9a9b2d3cg-03.jpg>
Package pdftex.def Info: ./images//2023_03_01_7659aec5e35f9a9b2d3cg-03.jpg  use
d on input line 358.
(pdftex.def)             Requested size: 977.65012pt x 431.61143pt.
 [3]
Underfull \hbox (badness 10000) in paragraph at lines 360--361

 []

[4 <./images//2023_03_01_7659aec5e35f9a9b2d3cg-03.jpg>] [5] [6]

Package hyperref Warning: Token not allowed in a PDF string (Unicode):
(hyperref)                removing `math shift' on input line 486.


Package hyperref Warning: Token not allowed in a PDF string (Unicode):
(hyperref)                removing `\langle' on input line 486.


Package hyperref Warning: Token not allowed in a PDF string (Unicode):
(hyperref)                removing `\langle' on input line 486.


Package hyperref Warning: Token not allowed in a PDF string (Unicode):
(hyperref)                removing `\rangle' on input line 486.


Package hyperref Warning: Token not allowed in a PDF string (Unicode):
(hyperref)                removing `\rangle' on input line 486.


Package hyperref Warning: Token not allowed in a PDF string (Unicode):
(hyperref)                removing `math shift' on input line 486.

[7]

Package hyperref Warning: Token not allowed in a PDF string (Unicode):
(hyperref)                removing `math shift' on input line 525.


Package hyperref Warning: Token not allowed in a PDF string (Unicode):
(hyperref)                removing `\langle' on input line 525.


Package hyperref Warning: Token not allowed in a PDF string (Unicode):
(hyperref)                removing `\langle' on input line 525.


Package hyperref Warning: Token not allowed in a PDF string (Unicode):
(hyperref)                removing `\rangle' on input line 525.


Package hyperref Warning: Token not allowed in a PDF string (Unicode):
(hyperref)                removing `\rangle' on input line 525.


Package hyperref Warning: Token not allowed in a PDF string (Unicode):
(hyperref)                removing `math shift' on input line 525.

[8]

Package hyperref Warning: Token not allowed in a PDF string (Unicode):
(hyperref)                removing `math shift' on input line 552.


Package hyperref Warning: Token not allowed in a PDF string (Unicode):
(hyperref)                removing `\varnothing' on input line 552.


Package hyperref Warning: Token not allowed in a PDF string (Unicode):
(hyperref)                removing `math shift' on input line 552.

[9] [10] [11]
<./images//2023_03_01_7659aec5e35f9a9b2d3cg-08.jpg, id=811, 827.09pt x 419.5675
pt>
File: ./images//2023_03_01_7659aec5e35f9a9b2d3cg-08.jpg Graphic file (type jpg)

<use ./images//2023_03_01_7659aec5e35f9a9b2d3cg-08.jpg>
Package pdftex.def Info: ./images//2023_03_01_7659aec5e35f9a9b2d3cg-08.jpg  use
d on input line 679.
(pdftex.def)             Requested size: 827.08797pt x 419.56647pt.
 [12 <./images//2023_03_01_7659aec5e35f9a9b2d3cg-08.jpg>] [13]
[14] [15] [16] [17]
Overfull \hbox (2.28058pt too wide) in paragraph at lines 936--937
[]\T1/cmr/m/n/12 Los pun-tos $\OML/cmm/m/it/12 P[]; [] ; P[]$ \T1/cmr/m/n/12 so
n afín-men-te in-de-pen-dien-tes si, y so-lo si, los pun-tos $\OML/cmm/m/it/12 
P[]; [] ; P[]$
 []

[18] [19]
Overfull \hbox (16.75641pt too wide) in paragraph at lines 1018--1018
[]\T1/cmr/m/n/12 Por con-tra-rre-cí-pro-co. Si $\OML/cmm/m/it/12 P[]; P[]; P[];
 P[]$ \T1/cmr/m/n/12 son ali-nea-dos $\OT1/cmr/m/n/12 =[]\OMS/cmsy/m/n/12 ) 9\O
ML/cmm/m/it/12 ^^Y \OMS/cmsy/m/n/12 ^^Z \U/bbold/m/n/12 A$ \T1/cmr/m/n/12 plano
 $\OML/cmm/m/it/12 = P[]; P[]; P[]; P[] \OMS/cmsy/m/n/12 2
 []

[20]

Package hyperref Warning: Token not allowed in a PDF string (Unicode):
(hyperref)                removing `math shift' on input line 1032.


Package hyperref Warning: Token not allowed in a PDF string (Unicode):
(hyperref)                removing `math shift' on input line 1032.


Overfull \hbox (0.34132pt too wide) in paragraph at lines 1054--1055
\T1/cmr/m/n/12 to-res li-neal-men-te in-de-pen-dien-tes. Co-mo $[][] \OML/cmm/m
/it/12 V \OT1/cmr/m/n/12 = \OML/cmm/m/it/12 r;  \OMS/cmsy/m/n/12 9\OML/cmm/m/it
/12 v[]; [] ; v[] \OMS/cmsy/m/n/12 2 \OML/cmm/m/it/12 V = []; [] ; []; [] 
 []

[21]
<./images//2023_03_01_7659aec5e35f9a9b2d3cg-11.jpg, id=919, 780.9175pt x 315.17
75pt>
File: ./images//2023_03_01_7659aec5e35f9a9b2d3cg-11.jpg Graphic file (type jpg)

<use ./images//2023_03_01_7659aec5e35f9a9b2d3cg-11.jpg>
Package pdftex.def Info: ./images//2023_03_01_7659aec5e35f9a9b2d3cg-11.jpg  use
d on input line 1080.
(pdftex.def)             Requested size: 780.91559pt x 315.17673pt.

Overfull \hbox (17.62482pt too wide) in paragraph at lines 1080--1081
[][] 
 []

<./images//2023_03_01_7659aec5e35f9a9b2d3cg-12(1).jpg, id=920, 921.4425pt x 355
.3275pt>
File: ./images//2023_03_01_7659aec5e35f9a9b2d3cg-12(1).jpg Graphic file (type j
pg)
<use ./images//2023_03_01_7659aec5e35f9a9b2d3cg-12(1).jpg>
Package pdftex.def Info: ./images//2023_03_01_7659aec5e35f9a9b2d3cg-12(1).jpg  
used on input line 1086.
(pdftex.def)             Requested size: 921.44026pt x 355.32661pt.

Overfull \hbox (21.55522pt too wide) in paragraph at lines 1085--1087
[]\T1/cmr/m/n/12 La re-fe-ren-cia ca-nó-ni-ca $\OMS/cmsy/m/n/12 C \OT1/cmr/m/n/
12 = []$ \T1/cmr/m/n/12 del es-pa-cio or-di-na-rio es una cua-ter-na $[]$
 []


Overfull \hbox (43.06049pt too wide) in paragraph at lines 1085--1087
\T1/cmr/m/n/12 vec-tor $[]$ [] 
 []

[22 <./images//2023_03_01_7659aec5e35f9a9b2d3cg-11.jpg>]
<./images//2023_03_01_7659aec5e35f9a9b2d3cg-12(2).jpg, id=927, 506.89375pt x 38
1.425pt>
File: ./images//2023_03_01_7659aec5e35f9a9b2d3cg-12(2).jpg Graphic file (type j
pg)
<use ./images//2023_03_01_7659aec5e35f9a9b2d3cg-12(2).jpg>
Package pdftex.def Info: ./images//2023_03_01_7659aec5e35f9a9b2d3cg-12(2).jpg  
used on input line 1101.
(pdftex.def)             Requested size: 506.89252pt x 381.42406pt.
 [23 <./images//2023_03_01_7659aec5e35f9a9b2d3cg-12(1).jpg> <./images//2023_03_
01_7659aec5e35f9a9b2d3cg-12(2).jpg>]
<./images//2023_03_01_7659aec5e35f9a9b2d3cg-12.jpg, id=932, 510.90875pt x 151.5
6625pt>
File: ./images//2023_03_01_7659aec5e35f9a9b2d3cg-12.jpg Graphic file (type jpg)

<use ./images//2023_03_01_7659aec5e35f9a9b2d3cg-12.jpg>
Package pdftex.def Info: ./images//2023_03_01_7659aec5e35f9a9b2d3cg-12.jpg  use
d on input line 1112.
(pdftex.def)             Requested size: 510.9075pt x 151.56587pt.
<./images//2023_03_01_7659aec5e35f9a9b2d3cg-13.jpg, id=933, 1332.98pt x 66.2475
pt>
File: ./images//2023_03_01_7659aec5e35f9a9b2d3cg-13.jpg Graphic file (type jpg)

<use ./images//2023_03_01_7659aec5e35f9a9b2d3cg-13.jpg>
Package pdftex.def Info: ./images//2023_03_01_7659aec5e35f9a9b2d3cg-13.jpg  use
d on input line 1133.
(pdftex.def)             Requested size: 1332.97675pt x 66.24733pt.

Overfull \hbox (41.7516pt too wide) in paragraph at lines 1138--1139
[]$\T1/cmr/m/n/12 , en-ton-ces las coor-de-na-das del pun-to me-dio de $\OML/cm
m/m/it/12 P$ \T1/cmr/m/n/12 y $\OML/cmm/m/it/12 P[]$ \T1/cmr/m/n/12 en $\OMS/cm
sy/m/n/12 R$ \T1/cmr/m/n/12 son $\OT1/cmr/m/n/12 (1\OML/cmm/m/it/12 =\OT1/cmr/m
/n/12 2) []$\T1/cmr/m/n/12 . 
 []

[24 <./images//2023_03_01_7659aec5e35f9a9b2d3cg-12.jpg> <./images//2023_03_01_7
659aec5e35f9a9b2d3cg-13.jpg>] [25]
<./images//2023_03_01_7659aec5e35f9a9b2d3cg-14.jpg, id=943, 851.18pt x 610.28pt
>
File: ./images//2023_03_01_7659aec5e35f9a9b2d3cg-14.jpg Graphic file (type jpg)

<use ./images//2023_03_01_7659aec5e35f9a9b2d3cg-14.jpg>
Package pdftex.def Info: ./images//2023_03_01_7659aec5e35f9a9b2d3cg-14.jpg  use
d on input line 1213.
(pdftex.def)             Requested size: 851.1779pt x 610.2785pt.
 [26 <./images//2023_03_01_7659aec5e35f9a9b2d3cg-14.jpg>] [27] [28]
Overfull \hbox (15.7626pt too wide) detected at line 1335
\OML/cmm/m/it/12 P \OMS/cmsy/m/n/12 2 \OML/cmm/m/it/12 L \OMS/cmsy/m/n/12 ([]) 
9\OML/cmm/m/it/12 ^^U[]; [] ; ^^U[] \OMS/cmsy/m/n/12 2 \OML/cmm/m/it/12 K \OMS/
cmsy/m/n/12 j [] \OT1/cmr/m/n/12 = [] + \OML/cmm/m/it/12 ^^U[] [] \OT1/cmr/m/n/
12 + [] + \OML/cmm/m/it/12 ^^U[] [] ;
 []

[29] [30]
Overfull \hbox (41.12181pt too wide) in paragraph at lines 1428--1429
[]\T1/cmr/m/n/12 Sea $\OML/cmm/m/it/12 P$ \T1/cmr/m/n/12 el pun-to de coor-de-n
a-das $[]$ en la re-fe-ren-cia $\OMS/cmsy/m/n/12 R \OT1/cmr/m/n/12 = \OMS/cmsy/
m/n/12 f\OT1/cmr/m/n/12 (1\OML/cmm/m/it/12 ; \OMS/cmsy/m/n/12 ^^@\OT1/cmr/m/n/1
2 1\OML/cmm/m/it/12 ; \OT1/cmr/m/n/12 0)\OML/cmm/m/it/12 ; \OT1/cmr/m/n/12 (0\O
ML/cmm/m/it/12 ; \OT1/cmr/m/n/12 1\OML/cmm/m/it/12 ; \OT1/cmr/m/n/12 0)\OML/cmm
/m/it/12 ; \OT1/cmr/m/n/12 (0\OML/cmm/m/it/12 ; \OT1/cmr/m/n/12 1\OML/cmm/m/it/
12 ; \OT1/cmr/m/n/12 1); (1\OML/cmm/m/it/12 ; \OT1/cmr/m/n/12 1\OML/cmm/m/it/12
 ; \OT1/cmr/m/n/12 1)\OMS/cmsy/m/n/12 g$\T1/cmr/m/n/12 .
 []

[31]
<./images//2023_03_01_7659aec5e35f9a9b2d3cg-19.jpg, id=969, 512.91624pt x 326.2
1875pt>
File: ./images//2023_03_01_7659aec5e35f9a9b2d3cg-19.jpg Graphic file (type jpg)

<use ./images//2023_03_01_7659aec5e35f9a9b2d3cg-19.jpg>
Package pdftex.def Info: ./images//2023_03_01_7659aec5e35f9a9b2d3cg-19.jpg  use
d on input line 1490.
(pdftex.def)             Requested size: 512.915pt x 326.21794pt.
 [32 <./images//2023_03_01_7659aec5e35f9a9b2d3cg-19.jpg>] [33]
Underfull \hbox (badness 10000) in paragraph at lines 1550--1551

 []


Underfull \hbox (badness 10000) in paragraph at lines 1552--1553

 []


Underfull \hbox (badness 10000) in paragraph at lines 1556--1557

 []

[34] [35] [36]
<./images//2023_03_01_7659aec5e35f9a9b2d3cg-22.jpg, id=1008, 372.39125pt x 103.
38625pt>
File: ./images//2023_03_01_7659aec5e35f9a9b2d3cg-22.jpg Graphic file (type jpg)

<use ./images//2023_03_01_7659aec5e35f9a9b2d3cg-22.jpg>
Package pdftex.def Info: ./images//2023_03_01_7659aec5e35f9a9b2d3cg-22.jpg  use
d on input line 1677.
(pdftex.def)             Requested size: 372.39034pt x 103.38599pt.
 [37 <./images//2023_03_01_7659aec5e35f9a9b2d3cg-22.jpg>]
Underfull \hbox (badness 10000) in paragraph at lines 1748--1749

 []

[38]
<./images//2023_03_01_7659aec5e35f9a9b2d3cg-25.jpg, id=1024, 430.60875pt x 169.
63374pt>
File: ./images//2023_03_01_7659aec5e35f9a9b2d3cg-25.jpg Graphic file (type jpg)

<use ./images//2023_03_01_7659aec5e35f9a9b2d3cg-25.jpg>
Package pdftex.def Info: ./images//2023_03_01_7659aec5e35f9a9b2d3cg-25.jpg  use
d on input line 1805.
(pdftex.def)             Requested size: 430.60768pt x 169.63332pt.
 [39 <./images//2023_03_01_7659aec5e35f9a9b2d3cg-25.jpg>]
Overfull \hbox (18.6085pt too wide) in paragraph at lines 1867--1868
[]\T1/cmr/m/n/12 son li-neal-men-te in-de-pen-dien-tes, $\OML/cmm/m/it/12 $ \T
1/cmr/m/n/12 es una afi-ni-dad si, y so-lo si, los pun-tos $\OML/cmm/m/it/12  
[] ; [] ;  []$
 []

[40] [41]
Underfull \hbox (badness 10000) in paragraph at lines 1938--1941

 []


Package hyperref Warning: Difference (2) between bookmark levels is greater 
(hyperref)                than one, level fixed on input line 1944.


Underfull \hbox (badness 10000) in paragraph at lines 1944--1945

 []

[42]
Overfull \hbox (31.63025pt too wide) in paragraph at lines 1988--1989
\OT1/cmr/m/n/12 (2\OML/cmm/m/it/12 ; \OT1/cmr/m/n/12 0\OML/cmm/m/it/12 ; \OT1/c
mr/m/n/12 2)\OML/cmm/m/it/12 ; \OT1/cmr/m/n/12 (0\OML/cmm/m/it/12 ; \OT1/cmr/m
/n/12 1\OML/cmm/m/it/12 ; \OMS/cmsy/m/n/12 ^^@\OT1/cmr/m/n/12 1) = (1\OML/cmm/m
/it/12 ; \OT1/cmr/m/n/12 1\OML/cmm/m/it/12 ; \OT1/cmr/m/n/12 1)$ \T1/cmr/m/n/12
 y $\OML/cmm/m/it/12 \OT1/cmr/m/n/12 (0\OML/cmm/m/it/12 ; \OT1/cmr/m/n/12 0\OM
L/cmm/m/it/12 ; \OT1/cmr/m/n/12 0) = (1\OML/cmm/m/it/12 ; \OT1/cmr/m/n/12 0\OML
/cmm/m/it/12 ; \OT1/cmr/m/n/12 2)$\T1/cmr/m/n/12 , pues-to que los pun-tos $\OT
1/cmr/m/n/12 (1\OML/cmm/m/it/12 ; \OT1/cmr/m/n/12 0\OML/cmm/m/it/12 ; \OT1/cmr/
m/n/12 0)\OML/cmm/m/it/12 ; \OT1/cmr/m/n/12 (1\OML/cmm/m/it/12 ; \OT1/cmr/m/n/1
2 1\OML/cmm/m/it/12 ; \OT1/cmr/m/n/12 0)\OML/cmm/m/it/12 ; \OT1/cmr/m/n/12 (0\O
ML/cmm/m/it/12 ; \OT1/cmr/m/n/12 1\OML/cmm/m/it/12 ; \OMS/cmsy/m/n/12 ^^@\OT1/c
mr/m/n/12 1)$
 []


Underfull \hbox (badness 10000) in paragraph at lines 2005--2006

 []

[43]
Overfull \hbox (1.0831pt too wide) in paragraph at lines 2013--2014
[]$\OML/cmm/m/it/12 []$ \T1/cmr/m/n/12 es una apli-ca-ción afín con apli-ca-ci
ón li-neal aso-cia-da $[]$. Por el co-ro-la-rio $\OT1/cmr/m/n/12 1[]3[]15(2)\OM
L/cmm/m/it/12 ; [] \OT1/cmr/m/n/12 =
 []

[44]
Underfull \hbox (badness 10000) in paragraph at lines 2089--2090

 []

[45]
<./images//2023_03_01_7659aec5e35f9a9b2d3cg-29.jpg, id=1079, 438.63875pt x 320.
19624pt>
File: ./images//2023_03_01_7659aec5e35f9a9b2d3cg-29.jpg Graphic file (type jpg)

<use ./images//2023_03_01_7659aec5e35f9a9b2d3cg-29.jpg>
Package pdftex.def Info: ./images//2023_03_01_7659aec5e35f9a9b2d3cg-29.jpg  use
d on input line 2126.
(pdftex.def)             Requested size: 438.63766pt x 320.19545pt.
 [46]
<./images//2023_03_01_7659aec5e35f9a9b2d3cg-30.jpg, id=1084, 1339.0025pt x 463.
7325pt>
File: ./images//2023_03_01_7659aec5e35f9a9b2d3cg-30.jpg Graphic file (type jpg)

<use ./images//2023_03_01_7659aec5e35f9a9b2d3cg-30.jpg>
Package pdftex.def Info: ./images//2023_03_01_7659aec5e35f9a9b2d3cg-30.jpg  use
d on input line 2140.
(pdftex.def)             Requested size: 1338.99925pt x 463.73135pt.

Overfull \hbox (178.23796pt too wide) in paragraph at lines 2139--2141
\T1/cmr/m/n/12 fi-gu-ra de la de-re-cha tam-bién lo son. [] 
 []

[47 <./images//2023_03_01_7659aec5e35f9a9b2d3cg-29.jpg>] [48 <./images//2023_03
_01_7659aec5e35f9a9b2d3cg-30.jpg>]
<./images//2023_03_01_7659aec5e35f9a9b2d3cg-31.jpg, id=1094, 673.51625pt x 466.
74374pt>
File: ./images//2023_03_01_7659aec5e35f9a9b2d3cg-31.jpg Graphic file (type jpg)

<use ./images//2023_03_01_7659aec5e35f9a9b2d3cg-31.jpg>
Package pdftex.def Info: ./images//2023_03_01_7659aec5e35f9a9b2d3cg-31.jpg  use
d on input line 2187.
(pdftex.def)             Requested size: 673.5146pt x 466.7426pt.

Overfull \hbox (3.8635pt too wide) detected at line 2212
\OML/cmm/m/it/12 ^^U[]\OT1/cmr/m/n/12 (\OML/cmm/m/it/12 v \OT1/cmr/m/n/12 + \OM
L/cmm/m/it/12 w\OT1/cmr/m/n/12 ) = [] = [] + [] = \OML/cmm/m/it/12 ^^U[]v \OT1/
cmr/m/n/12 + \OML/cmm/m/it/12 ^^U[]w
 []

[49 <./images//2023_03_01_7659aec5e35f9a9b2d3cg-31.jpg>] [50] [51]
Underfull \hbox (badness 10000) in paragraph at lines 2293--2296

 []

[52]
Underfull \hbox (badness 10000) in paragraph at lines 2331--2332

 []


Overfull \hbox (16.42612pt too wide) in paragraph at lines 2337--2339
\T1/cmr/m/n/12 Tomemos los vec-to-res $\OT1/cmr/m/n/12 (\OML/cmm/m/it/12 x; y; 
z\OT1/cmr/m/n/12 )$ \T1/cmr/m/n/12 y $\OMS/cmsy/m/n/12 j\OT1/cmr/m/n/12 (\OML/c
mm/m/it/12 x; y; z\OT1/cmr/m/n/12 ) \OMS/cmsy/m/n/12 ^^A \OT1/cmr/m/n/12 (1\OML
/cmm/m/it/12 ; \OT1/cmr/m/n/12 2\OML/cmm/m/it/12 ; \OT1/cmr/m/n/12 3)\OMS/cmsy/
m/n/12 j ^^T jj\OT1/cmr/m/n/12 (\OML/cmm/m/it/12 x; y; z\OT1/cmr/m/n/12 )\OMS/c
msy/m/n/12 jj ^^A jj\OT1/cmr/m/n/12 (1\OML/cmm/m/it/12 ; \OT1/cmr/m/n/12 2\OML/
cmm/m/it/12 ; \OT1/cmr/m/n/12 3)\OMS/cmsy/m/n/12 jj \OT1/cmr/m/n/12 = []$\T1/cm
r/m/n/12 .
 []


Underfull \hbox (badness 10000) in paragraph at lines 2340--2342

 []


Underfull \hbox (badness 10000) in paragraph at lines 2355--2357

 []

[53]
Underfull \hbox (badness 10000) in paragraph at lines 2375--2377

 []


Underfull \hbox (badness 10000) in paragraph at lines 2387--2393

 []


Underfull \hbox (badness 10000) in paragraph at lines 2387--2393

 []


Underfull \hbox (badness 10000) in paragraph at lines 2395--2398

 []

[54]
Underfull \hbox (badness 10000) in paragraph at lines 2409--2413

 []


Underfull \hbox (badness 10000) in paragraph at lines 2425--2426

 []


Underfull \hbox (badness 10000) in paragraph at lines 2425--2426

 []

[55] [56] [57] [58] [59] [60]
<./images//2023_03_20_c2fe6c117849a1a0e8afg-043.jpg, id=1172, 945.5325pt x 361.
35pt>
File: ./images//2023_03_20_c2fe6c117849a1a0e8afg-043.jpg Graphic file (type jpg
)
<use ./images//2023_03_20_c2fe6c117849a1a0e8afg-043.jpg>
Package pdftex.def Info: ./images//2023_03_20_c2fe6c117849a1a0e8afg-043.jpg  us
ed on input line 2689.
(pdftex.def)             Requested size: 945.5302pt x 361.34912pt.

Overfull \hbox (292.41557pt too wide) in paragraph at lines 2688--2690
\T1/cmr/m/n/12 rio son ba-ses or-to-nor-ma-les de $\OML/cmm/m/it/12 V[]$ \T1/cm
r/m/n/12 y $\OML/cmm/m/it/12 V[]$\T1/cmr/m/n/12 , res-pec-ti-va-men-te. [](2)
 []

[61] [62 <./images//2023_03_20_c2fe6c117849a1a0e8afg-043.jpg>] [63]
Underfull \hbox (badness 10000) in paragraph at lines 2790--2792

 []

[64] [65] [66]
Underfull \hbox (badness 10000) in paragraph at lines 2908--2910

 []


Underfull \hbox (badness 10000) in paragraph at lines 2921--2924

 []


Overfull \hbox (5.25165pt too wide) in paragraph at lines 2921--2924
\T1/cmr/m/n/12 Si te-ne-mos una ba-se or-to-nor-mal de un es-pa-cio eu-clí-deo 
$\OML/cmm/m/it/12 V$\T1/cmr/m/n/12 , $\OML/cmm/m/it/12 B \OT1/cmr/m/n/12 = \OMS
/cmsy/m/n/12 f\OML/cmm/m/it/12 v[]; [] ; v[]\OMS/cmsy/m/n/12 g$ \T1/cmr/m/n/12 
y $\OML/cmm/m/it/12 v \OT1/cmr/m/n/12 = (\OML/cmm/m/it/12 x[]; [] ; x[]\OT1/cmr
/m/n/12 ) \OMS/cmsy/m/n/12 2
 []

<./images//2023_03_20_c2fe6c117849a1a0e8afg-048.jpg, id=1200, 593.21625pt x 337
.26pt>
File: ./images//2023_03_20_c2fe6c117849a1a0e8afg-048.jpg Graphic file (type jpg
)
<use ./images//2023_03_20_c2fe6c117849a1a0e8afg-048.jpg>
Package pdftex.def Info: ./images//2023_03_20_c2fe6c117849a1a0e8afg-048.jpg  us
ed on input line 2928.
(pdftex.def)             Requested size: 593.2148pt x 337.25917pt.
[67 <./images//2023_03_20_c2fe6c117849a1a0e8afg-048.jpg>]
Underfull \hbox (badness 10000) in paragraph at lines 2937--2940

 []


Underfull \hbox (badness 10000) in paragraph at lines 2957--2962

 []


Underfull \hbox (badness 10000) in paragraph at lines 2957--2962

 []


Underfull \hbox (badness 10000) in paragraph at lines 2957--2962

 []

[68]
Underfull \hbox (badness 10000) in paragraph at lines 3003--3005

 []

[69]
Underfull \hbox (badness 10000) in paragraph at lines 3085--3088

 []


Underfull \hbox (badness 10000) in paragraph at lines 3105--3107

 []


Underfull \hbox (badness 10000) in paragraph at lines 3116--3117

 []

[70]
Underfull \hbox (badness 10000) in paragraph at lines 3151--3153

 []


Underfull \hbox (badness 10000) in paragraph at lines 3158--3161

 []


Underfull \hbox (badness 10000) in paragraph at lines 3158--3161

 []

[71]
Underfull \hbox (badness 10000) in paragraph at lines 3187--3188

 []

[72] [73]
Underfull \hbox (badness 10000) in paragraph at lines 3243--3244

 []

[74]
Underfull \hbox (badness 10000) in paragraph at lines 3309--3310

 []

[75]
Underfull \hbox (badness 10000) in paragraph at lines 3345--3346

 []

[76]
<./images//2023_03_20_c2fe6c117849a1a0e8afg-052.jpg, id=1279, 426.59375pt x 432
.61626pt>
File: ./images//2023_03_20_c2fe6c117849a1a0e8afg-052.jpg Graphic file (type jpg
)
<use ./images//2023_03_20_c2fe6c117849a1a0e8afg-052.jpg>
Package pdftex.def Info: ./images//2023_03_20_c2fe6c117849a1a0e8afg-052.jpg  us
ed on input line 3387.
(pdftex.def)             Requested size: 426.5927pt x 432.6152pt.
 [77 <./images//2023_03_20_c2fe6c117849a1a0e8afg-052.jpg>]
<./images//2023_03_20_c2fe6c117849a1a0e8afg-053.jpg, id=1284, 574.145pt x 359.3
425pt>
File: ./images//2023_03_20_c2fe6c117849a1a0e8afg-053.jpg Graphic file (type jpg
)
<use ./images//2023_03_20_c2fe6c117849a1a0e8afg-053.jpg>
Package pdftex.def Info: ./images//2023_03_20_c2fe6c117849a1a0e8afg-053.jpg  us
ed on input line 3442.
(pdftex.def)             Requested size: 574.1436pt x 359.34161pt.
 [78 <./images//2023_03_20_c2fe6c117849a1a0e8afg-053.jpg>]
Underfull \hbox (badness 10000) in paragraph at lines 3467--3468

 []

[79]
Underfull \hbox (badness 10000) in paragraph at lines 3512--3513

 []


Underfull \hbox (badness 10000) in paragraph at lines 3522--3523

 []

[80] [81]
Underfull \hbox (badness 10000) in paragraph at lines 3614--3615

 []


Underfull \hbox (badness 10000) in paragraph at lines 3627--3628

 []


Underfull \hbox (badness 10000) in paragraph at lines 3648--3649

 []


Underfull \hbox (badness 10000) in paragraph at lines 3655--3656

 []

[82]
Underfull \hbox (badness 10000) in paragraph at lines 3693--3694

 []

[83]
Underfull \hbox (badness 10000) in paragraph at lines 3730--3731

 []


Underfull \hbox (badness 10000) in paragraph at lines 3739--3740

 []

[84]
<./images//2023_03_20_c2fe6c117849a1a0e8afg-057.jpg, id=1321, 726.715pt x 271.0
125pt>
File: ./images//2023_03_20_c2fe6c117849a1a0e8afg-057.jpg Graphic file (type jpg
)
<use ./images//2023_03_20_c2fe6c117849a1a0e8afg-057.jpg>
Package pdftex.def Info: ./images//2023_03_20_c2fe6c117849a1a0e8afg-057.jpg  us
ed on input line 3795.
(pdftex.def)             Requested size: 726.71321pt x 271.01183pt.
 [85] [86 <./images//2023_03_20_c2fe6c117849a1a0e8afg-057.jpg>] [87]
[88] [89] [90] [91]

LaTeX Warning: Command \i invalid in math mode on input line 4107.

[92] [93] [94] [95] [96] [97] [98] [99] [100] [101]
Overfull \hbox (39.30455pt too wide) in paragraph at lines 4506--4507
[]$\OML/cmm/m/it/12 d\OT1/cmr/m/n/12 (\OML/cmm/m/it/12 P; Q\OT1/cmr/m/n/12 ) = 
\OML/cmm/m/it/12 d [] \OT1/cmr/m/n/12 = \OML/cmm/m/it/12 d [] \OT1/cmr/m/n/12 =
 \OML/cmm/m/it/12 d []$\T1/cmr/m/n/12 ,
 []

[102]
<./images//2023_04_25_301d1803eaf1bc74cfd9g-080(1).jpg, id=1435, 307.1475pt x 2
80.04625pt>
File: ./images//2023_04_25_301d1803eaf1bc74cfd9g-080(1).jpg Graphic file (type 
jpg)
<use ./images//2023_04_25_301d1803eaf1bc74cfd9g-080(1).jpg>
Package pdftex.def Info: ./images//2023_04_25_301d1803eaf1bc74cfd9g-080(1).jpg 
 used on input line 4548.
(pdftex.def)             Requested size: 307.14674pt x 280.04555pt.
 [103 <./images//2023_04_25_301d1803eaf1bc74cfd9g-080(1).jpg>]
<./images//2023_04_25_301d1803eaf1bc74cfd9g-080.jpg, id=1440, 568.1225pt x 516.
93124pt>
File: ./images//2023_04_25_301d1803eaf1bc74cfd9g-080.jpg Graphic file (type jpg
)
<use ./images//2023_04_25_301d1803eaf1bc74cfd9g-080.jpg>
Package pdftex.def Info: ./images//2023_04_25_301d1803eaf1bc74cfd9g-080.jpg  us
ed on input line 4564.
(pdftex.def)             Requested size: 568.1211pt x 516.92998pt.
 [104 <./images//2023_04_25_301d1803eaf1bc74cfd9g-080.jpg>]
<./images//2023_04_25_301d1803eaf1bc74cfd9g-081.jpg, id=1445, 462.72874pt x 419
.5675pt>
File: ./images//2023_04_25_301d1803eaf1bc74cfd9g-081.jpg Graphic file (type jpg
)
<use ./images//2023_04_25_301d1803eaf1bc74cfd9g-081.jpg>
Package pdftex.def Info: ./images//2023_04_25_301d1803eaf1bc74cfd9g-081.jpg  us
ed on input line 4580.
(pdftex.def)             Requested size: 462.72762pt x 419.56647pt.
 [105 <./images//2023_04_25_301d1803eaf1bc74cfd9g-081.jpg>] [106] (GeometriaLin
eal.aux
LaTeX Info: Redefining \. on input line 23.
LaTeX Info: Redefining \% on input line 23.
)
Package rerunfilecheck Info: File `GeometriaLineal.out' has not changed.
(rerunfilecheck)             Checksum: DBA26D03399FF6CA6D5094107AE71E7E;34831.
 ) 
Here is how much of TeX's memory you used:
 17661 strings out of 476339
 304289 string characters out of 5788120
 1881340 words of memory out of 5000000
 37230 multiletter control sequences out of 15000+600000
 531619 words of font info for 78 fonts, out of 8000000 for 9000
 1141 hyphenation exceptions out of 8191
 75i,26n,76p,802b,731s stack positions out of 10000i,1000n,20000p,200000b,200000s
 <C:\Users\lbcpd\AppData\Local\MiKTeX\fonts/pk/ljfour/jknappen/ec/dpi600\eccc
1200.pk> <C:\Users\lbcpd\AppData\Local\MiKTeX\fonts/pk/ljfour/jknappen/ec/dpi60
0\ecbx2488.pk> <C:\Users\lbcpd\AppData\Local\MiKTeX\fonts/pk/ljfour/jknappen/ec
/dpi600\ecti1200.pk> <C:\Users\lbcpd\AppData\Local\MiKTeX\fonts/pk/ljfour/jknap
pen/ec/dpi600\ecrm0800.pk> <C:\Users\lbcpd\AppData\Local\MiKTeX\fonts/pk/ljfour
/public/bbold/dpi600\bbold8.pk> <C:\Users\lbcpd\AppData\Local\MiKTeX\fonts/pk/l
jfour/jknappen/ec/dpi600\ecbi1200.pk> <C:\Users\lbcpd\AppData\Local\MiKTeX\font
s/pk/ljfour/public/bbold/dpi600\bbold12.pk> <C:\Users\lbcpd\AppData\Local\MiKTe
X\fonts/pk/ljfour/jknappen/ec/dpi600\ecbx1200.pk> <C:\Users\lbcpd\AppData\Local
\MiKTeX\fonts/pk/ljfour/jknappen/ec/dpi600\ecbx1440.pk> <C:\Users\lbcpd\AppData
\Local\MiKTeX\fonts/pk/ljfour/jknappen/ec/dpi600\ecrm1200.pk> <C:\Users\lbcpd\A
ppData\Local\MiKTeX\fonts/pk/ljfour/jknappen/ec/dpi600\ecbx1728.pk> <C:\Users\l
bcpd\AppData\Local\MiKTeX\fonts/pk/ljfour/jknappen/ec/dpi600\ecrm1728.pk> <C:\U
sers\lbcpd\AppData\Local\MiKTeX\fonts/pk/ljfour/jknappen/ec/dpi600\ecxc2488.pk>
 <C:\Users\lbcpd\AppData\Local\MiKTeX\fonts/pk/ljfour/jknappen/ec/dpi600\eccc17
28.pk> <C:\Users\lbcpd\AppData\Local\MiKTeX\fonts/pk/ljfour/jknappen/ec/dpi600\
eccc2074.pk><C:/Users/lbcpd/AppData/Local/Programs/MiKTeX/fonts/type1/public/am
sfonts/cm/cmex10.pfb><C:/Users/lbcpd/AppData/Local/Programs/MiKTeX/fonts/type1/
public/amsfonts/cmextra/cmex8.pfb><C:/Users/lbcpd/AppData/Local/Programs/MiKTeX
/fonts/type1/public/amsfonts/cm/cmmi12.pfb><C:/Users/lbcpd/AppData/Local/Progra
ms/MiKTeX/fonts/type1/public/amsfonts/cm/cmmi6.pfb><C:/Users/lbcpd/AppData/Loca
l/Programs/MiKTeX/fonts/type1/public/amsfonts/cm/cmmi8.pfb><C:/Users/lbcpd/AppD
ata/Local/Programs/MiKTeX/fonts/type1/public/amsfonts/cm/cmr12.pfb><C:/Users/lb
cpd/AppData/Local/Programs/MiKTeX/fonts/type1/public/amsfonts/cm/cmr6.pfb><C:/U
sers/lbcpd/AppData/Local/Programs/MiKTeX/fonts/type1/public/amsfonts/cm/cmr8.pf
b><C:/Users/lbcpd/AppData/Local/Programs/MiKTeX/fonts/type1/public/amsfonts/cm/
cmsy10.pfb><C:/Users/lbcpd/AppData/Local/Programs/MiKTeX/fonts/type1/public/ams
fonts/cm/cmsy6.pfb><C:/Users/lbcpd/AppData/Local/Programs/MiKTeX/fonts/type1/pu
blic/amsfonts/cm/cmsy8.pfb><C:/Users/lbcpd/AppData/Local/Programs/MiKTeX/fonts/
type1/public/amsfonts/symbols/msam10.pfb><C:/Users/lbcpd/AppData/Local/Programs
/MiKTeX/fonts/type1/public/amsfonts/symbols/msbm10.pfb>
Output written on GeometriaLineal.pdf (107 pages, 1119839 bytes).
PDF statistics:
 2013 PDF objects out of 2073 (max. 8388607)
 546 named destinations out of 1000 (max. 500000)
 1499 words of extra memory for PDF output out of 10000 (max. 10000000)

